4.1401 	WARNING 	User requested fullscreen with size [1024  768], but screen is actually [1920, 1200]. Using actual size
5.1156 	EXP 	Created window1 = Window(allowGUI=False, allowStencil=False, args=UNKNOWN, autoLog=True, bitsMode=UNKNOWN, blendMode='avg', color=array([0., 0., 0.]), colorSpace='rgb', fullscr=<method-wrapper '__getattribute__' of attributeSetter object at 0x06FC0CD0>, gamma=None, kwargs=UNKNOWN, lms=UNKNOWN, monitor=<psychopy.monitors.calibTools.Monitor object at 0x0EED23F0>, multiSample=False, name='window1', numSamples=2, pos=[0.0, 0.0], screen=0, size=array([1920, 1200]), stereo=False, units='norm', useFBO=True, useRetina=False, viewOri=0.0, viewPos=None, viewScale=None, waitBlanking=True, winType='pyglet')
5.1157 	EXP 	window1: recordFrameIntervals = False
5.2810 	EXP 	window1: recordFrameIntervals = True
5.4648 	EXP 	window1: recordFrameIntervals = False
5.6106 	EXP 	Created WelcomeText = TextStim(__class__=<class 'psychopy.visual.text.TextStim'>, alignHoriz='center', alignVert='center', antialias=True, autoLog=True, bold=False, color='white', colorSpace='named', contrast=1.0, depth=0.0, flipHoriz=False, flipVert=False, font='Arial', fontFiles=[], height=0.1, italic=False, languageStyle='LTR', name='WelcomeText', opacity=1.0, ori=0, pos=array([0., 0.]), rgb=array([255., 255., 255.]), text='Part 2: Start of Pairing experiment', units='norm', win=Window(...), wrapWidth=1)
5.6215 	EXP 	Created WelcomeProceed = TextStim(__class__=<class 'psychopy.visual.text.TextStim'>, alignHoriz='center', alignVert='center', antialias=True, autoLog=True, bold=False, color='white', colorSpace='named', contrast=1.0, depth=-2.0, flipHoriz=False, flipVert=False, font='Arial', fontFiles=[], height=0.1, italic=False, languageStyle='LTR', name='WelcomeProceed', opacity=1.0, ori=0, pos=array([ 0. , -0.7]), rgb=array([255., 255., 255.]), text="Press 'Spacebar' to continue", units='norm', win=Window(...), wrapWidth=1)
5.6220 	EXP 	Created BlankText = TextStim(__class__=<class 'psychopy.visual.text.TextStim'>, alignHoriz='center', alignVert='center', antialias=True, autoLog=True, bold=False, color='white', colorSpace='named', contrast=1.0, depth=0.0, flipHoriz=False, flipVert=False, font='Arial', fontFiles=[], height=0.1, italic=False, languageStyle='LTR', name='BlankText', opacity=1.0, ori=0, pos=array([0., 0.]), rgb=array([255., 255., 255.]), text='', units='norm', win=Window(...), wrapWidth=1)
5.6490 	EXP 	Created ICText1 = TextStim(__class__=<class 'psychopy.visual.text.TextStim'>, alignHoriz='center', alignVert='center', antialias=True, autoLog=True, bold=False, color='white', colorSpace='named', contrast=1.0, depth=0.0, flipHoriz=False, flipVert=False, font='Arial', fontFiles=[], height=0.1, italic=False, languageStyle='LTR', name='ICText1', opacity=1.0, ori=0, pos=array([0., 0.]), rgb=array([255., 255., 255.]), text=str(...), units='norm', win=Window(...), wrapWidth=1)
5.6539 	EXP 	Created ICProceed1 = TextStim(__class__=<class 'psychopy.visual.text.TextStim'>, alignHoriz='center', alignVert='center', antialias=True, autoLog=True, bold=False, color='white', colorSpace='named', contrast=1.0, depth=-2.0, flipHoriz=False, flipVert=False, font='Arial', fontFiles=[], height=0.1, italic=False, languageStyle='LTR', name='ICProceed1', opacity=1.0, ori=0, pos=array([ 0. , -0.7]), rgb=array([255., 255., 255.]), text="Press 'Spacebar' to continue", units='norm', win=Window(...), wrapWidth=1)
5.6544 	EXP 	Created BlankText = TextStim(__class__=<class 'psychopy.visual.text.TextStim'>, alignHoriz='center', alignVert='center', antialias=True, autoLog=True, bold=False, color='white', colorSpace='named', contrast=1.0, depth=0.0, flipHoriz=False, flipVert=False, font='Arial', fontFiles=[], height=0.1, italic=False, languageStyle='LTR', name='BlankText', opacity=1.0, ori=0, pos=array([0., 0.]), rgb=array([255., 255., 255.]), text='', units='norm', win=Window(...), wrapWidth=1)
5.7214 	EXP 	Created ICText2 = TextStim(__class__=<class 'psychopy.visual.text.TextStim'>, alignHoriz='center', alignVert='center', antialias=True, autoLog=True, bold=False, color='white', colorSpace='named', contrast=1.0, depth=0.0, flipHoriz=False, flipVert=False, font='Arial', fontFiles=[], height=0.1, italic=False, languageStyle='LTR', name='ICText2', opacity=1.0, ori=0, pos=array([0., 0.]), rgb=array([255., 255., 255.]), text=str(...), units='norm', win=Window(...), wrapWidth=1)
5.7301 	EXP 	Created ICProceed2 = TextStim(__class__=<class 'psychopy.visual.text.TextStim'>, alignHoriz='center', alignVert='center', antialias=True, autoLog=True, bold=False, color='white', colorSpace='named', contrast=1.0, depth=-2.0, flipHoriz=False, flipVert=False, font='Arial', fontFiles=[], height=0.1, italic=False, languageStyle='LTR', name='ICProceed2', opacity=1.0, ori=0, pos=array([ 0. , -0.7]), rgb=array([255., 255., 255.]), text="Press 'Enter' when ready", units='norm', win=Window(...), wrapWidth=1)
5.7306 	EXP 	Created BlankText = TextStim(__class__=<class 'psychopy.visual.text.TextStim'>, alignHoriz='center', alignVert='center', antialias=True, autoLog=True, bold=False, color='white', colorSpace='named', contrast=1.0, depth=0.0, flipHoriz=False, flipVert=False, font='Arial', fontFiles=[], height=0.1, italic=False, languageStyle='LTR', name='BlankText', opacity=1.0, ori=0, pos=array([0., 0.]), rgb=array([255., 255., 255.]), text='', units='norm', win=Window(...), wrapWidth=1)
5.7539 	EXP 	Created WaitingText = TextStim(__class__=<class 'psychopy.visual.text.TextStim'>, alignHoriz='center', alignVert='center', antialias=True, autoLog=True, bold=False, color='white', colorSpace='named', contrast=1.0, depth=0.0, flipHoriz=False, flipVert=False, font='Arial', fontFiles=[], height=0.12, italic=False, languageStyle='LTR', name='WaitingText', opacity=1.0, ori=0, pos=array([0. , 0.3]), rgb=array([255., 255., 255.]), text='Waiting for the randomised assignment ', units='norm', win=Window(...), wrapWidth=1)
5.7616 	EXP 	Created P1 = TextStim(__class__=<class 'psychopy.visual.text.TextStim'>, alignHoriz='center', alignVert='center', antialias=True, autoLog=True, bold=False, color='white', colorSpace='named', contrast=1.0, depth=-1.0, flipHoriz=False, flipVert=False, font='Arial', fontFiles=[], height=0.08, italic=False, languageStyle='LTR', name='P1', opacity=1.0, ori=0, pos=array([-0.6,  0.1]), rgb=array([255., 255., 255.]), text='P1', units='norm', win=Window(...), wrapWidth=1)
5.7646 	EXP 	Created P2 = TextStim(__class__=<class 'psychopy.visual.text.TextStim'>, alignHoriz='center', alignVert='center', antialias=True, autoLog=True, bold=False, color='white', colorSpace='named', contrast=1.0, depth=-2.0, flipHoriz=False, flipVert=False, font='Arial', fontFiles=[], height=0.08, italic=False, languageStyle='LTR', name='P2', opacity=1.0, ori=0, pos=array([-0.2,  0.1]), rgb=array([255., 255., 255.]), text='P2', units='norm', win=Window(...), wrapWidth=1)
5.7749 	EXP 	Created User = TextStim(__class__=<class 'psychopy.visual.text.TextStim'>, alignHoriz='center', alignVert='center', antialias=True, autoLog=True, bold=False, color='white', colorSpace='named', contrast=1.0, depth=-3.0, flipHoriz=False, flipVert=False, font='Arial', fontFiles=[], height=0.08, italic=False, languageStyle='LTR', name='User', opacity=1.0, ori=0, pos=array([0.2, 0.1]), rgb=array([255., 255., 255.]), text='P3 (YOU)', units='norm', win=Window(...), wrapWidth=1)
5.7781 	EXP 	Created P4 = TextStim(__class__=<class 'psychopy.visual.text.TextStim'>, alignHoriz='center', alignVert='center', antialias=True, autoLog=True, bold=False, color='white', colorSpace='named', contrast=1.0, depth=-4.0, flipHoriz=False, flipVert=False, font='Arial', fontFiles=[], height=0.08, italic=False, languageStyle='LTR', name='P4', opacity=1.0, ori=0, pos=array([0.6, 0.1]), rgb=array([255., 255., 255.]), text='P4', units='norm', win=Window(...), wrapWidth=1)
5.7865 	EXP 	Created P1G = Polygon(__class__=<class 'psychopy.visual.polygon.Polygon'>, autoDraw=False, autoLog=True, closeShape=True, color=method-wrapper(...), colorSpace=None, contrast=1.0, depth=-5.0, fillColor='green', fillColorSpace='named', fillRGB=array([  0., 128.,   0.]), interpolate=True, lineColor='black', lineColorSpace='named', lineRGB=array([0., 0., 0.]), lineWidth=1, name='P1G', opacity=1.0, ori=array(0.), pos=array([-0.6, -0.1]), size=array([0.09, 0.14]), units='norm', vertices=ndarray(...), win=Window(...))
5.7876 	EXP 	Created P2R = Polygon(__class__=<class 'psychopy.visual.polygon.Polygon'>, autoDraw=False, autoLog=True, closeShape=True, color=method-wrapper(...), colorSpace=None, contrast=1.0, depth=-6.0, fillColor='red', fillColorSpace='named', fillRGB=array([255.,   0.,   0.]), interpolate=True, lineColor='black', lineColorSpace='named', lineRGB=array([0., 0., 0.]), lineWidth=1, name='P2R', opacity=1.0, ori=array(0.), pos=array([-0.2, -0.1]), size=array([0.09, 0.14]), units='norm', vertices=ndarray(...), win=Window(...))
5.7886 	EXP 	Created P2G = Polygon(__class__=<class 'psychopy.visual.polygon.Polygon'>, autoDraw=False, autoLog=True, closeShape=True, color=method-wrapper(...), colorSpace=None, contrast=1.0, depth=-7.0, fillColor='green', fillColorSpace='named', fillRGB=array([  0., 128.,   0.]), interpolate=True, lineColor='black', lineColorSpace='named', lineRGB=array([0., 0., 0.]), lineWidth=1, name='P2G', opacity=1.0, ori=array(0.), pos=array([-0.2, -0.1]), size=array([0.09, 0.14]), units='norm', vertices=ndarray(...), win=Window(...))
5.7899 	EXP 	Created UserG = Polygon(__class__=<class 'psychopy.visual.polygon.Polygon'>, autoDraw=False, autoLog=True, closeShape=True, color=method-wrapper(...), colorSpace=None, contrast=1.0, depth=-8.0, fillColor='green', fillColorSpace='named', fillRGB=array([  0., 128.,   0.]), interpolate=True, lineColor='black', lineColorSpace='named', lineRGB=array([0., 0., 0.]), lineWidth=1, name='UserG', opacity=1.0, ori=array(0.), pos=array([ 0.2, -0.1]), size=array([0.09, 0.14]), units='norm', vertices=ndarray(...), win=Window(...))
5.7909 	EXP 	Created P4R = Polygon(__class__=<class 'psychopy.visual.polygon.Polygon'>, autoDraw=False, autoLog=True, closeShape=True, color=method-wrapper(...), colorSpace=None, contrast=1.0, depth=-9.0, fillColor='red', fillColorSpace='named', fillRGB=array([255.,   0.,   0.]), interpolate=True, lineColor='black', lineColorSpace='named', lineRGB=array([0., 0., 0.]), lineWidth=1, name='P4R', opacity=1.0, ori=array(0.), pos=array([ 0.6, -0.1]), size=array([0.09, 0.14]), units='norm', vertices=ndarray(...), win=Window(...))
5.7920 	EXP 	Created P4G = Polygon(__class__=<class 'psychopy.visual.polygon.Polygon'>, autoDraw=False, autoLog=True, closeShape=True, color=method-wrapper(...), colorSpace=None, contrast=1.0, depth=-10.0, fillColor='green', fillColorSpace='named', fillRGB=array([  0., 128.,   0.]), interpolate=True, lineColor='black', lineColorSpace='named', lineRGB=array([0., 0., 0.]), lineWidth=1, name='P4G', opacity=1.0, ori=array(0.), pos=array([ 0.6, -0.1]), size=array([0.09, 0.14]), units='norm', vertices=ndarray(...), win=Window(...))
5.7925 	EXP 	Created BlankText = TextStim(__class__=<class 'psychopy.visual.text.TextStim'>, alignHoriz='center', alignVert='center', antialias=True, autoLog=True, bold=False, color='white', colorSpace='named', contrast=1.0, depth=0.0, flipHoriz=False, flipVert=False, font='Arial', fontFiles=[], height=0.1, italic=False, languageStyle='LTR', name='BlankText', opacity=1.0, ori=0, pos=array([0., 0.]), rgb=array([255., 255., 255.]), text='', units='norm', win=Window(...), wrapWidth=1)
5.8075 	EXP 	Created text = TextStim(__class__=<class 'psychopy.visual.text.TextStim'>, alignHoriz='center', alignVert='center', antialias=True, autoLog=True, bold=False, color='white', colorSpace='named', contrast=1.0, depth=0.0, flipHoriz=False, flipVert=False, font='Arial', fontFiles=[], height=0.1, italic=False, languageStyle='LTR', name='text', opacity=1.0, ori=0, pos=array([0., 0.]), rgb=array([255., 255., 255.]), text=str(...), units='norm', win=Window(...), wrapWidth=1)
5.8571 	EXP 	Created CSText = TextStim(__class__=<class 'psychopy.visual.text.TextStim'>, alignHoriz='center', alignVert='center', antialias=True, autoLog=True, bold=False, color='white', colorSpace='named', contrast=1.0, depth=-1.0, flipHoriz=False, flipVert=False, font='Arial', fontFiles=[], height=0.15, italic=False, languageStyle='LTR', name='CSText', opacity=1.0, ori=0, pos=array([0., 0.]), rgb=array([255., 255., 255.]), text=str(...), units='norm', win=Window(...), wrapWidth=1)
5.8676 	EXP 	Created CSProceed = TextStim(__class__=<class 'psychopy.visual.text.TextStim'>, alignHoriz='center', alignVert='center', antialias=True, autoLog=True, bold=False, color='white', colorSpace='named', contrast=1.0, depth=-3.0, flipHoriz=False, flipVert=False, font='Arial', fontFiles=[], height=0.1, italic=False, languageStyle='LTR', name='CSProceed', opacity=1.0, ori=0, pos=array([ 0. , -0.7]), rgb=array([255., 255., 255.]), text=str(...), units='norm', win=Window(...), wrapWidth=1)
5.8680 	EXP 	Created BlankText = TextStim(__class__=<class 'psychopy.visual.text.TextStim'>, alignHoriz='center', alignVert='center', antialias=True, autoLog=True, bold=False, color='white', colorSpace='named', contrast=1.0, depth=0.0, flipHoriz=False, flipVert=False, font='Arial', fontFiles=[], height=0.1, italic=False, languageStyle='LTR', name='BlankText', opacity=1.0, ori=0, pos=array([0., 0.]), rgb=array([255., 255., 255.]), text='', units='norm', win=Window(...), wrapWidth=1)
5.8691 	EXP 	Created Cross = ShapeStim(__class__=<class 'psychopy.visual.shape.ShapeStim'>, autoDraw=False, autoLog=True, closeShape=True, contrast=1.0, depth=0.0, fillColor='black', fillColorSpace='named', interpolate=True, lineColor='black', lineColorSpace='named', lineWidth=1, name='Cross', opacity=1.0, ori=array(0.), pos=array([0., 0.]), size=array([0.02, 0.03]), units='norm', vertices=ndarray(...), win=Window(...), windingRule=None)
5.9086 	EXP 	Created ConditionImages = ImageStim(__class__=<class 'psychopy.visual.image.ImageStim'>, autoLog=True, color=array([1., 1., 1.]), colorSpace='rgb', contrast=1.0, depth=-1.0, flipHoriz=False, flipVert=False, image='sin', interpolate=True, mask=None, maskParams=None, name='ConditionImages', opacity=1.0, ori=0.0, pos=array([0., 0.]), size=array([360., 450.]), texRes=128, units='pix', win=Window(...))
5.9611 	EXP 	Created textZap = TextStim(__class__=<class 'psychopy.visual.text.TextStim'>, alignHoriz='center', alignVert='center', antialias=True, autoLog=True, bold=False, color='red', colorSpace='named', contrast=1.0, depth=-3.0, flipHoriz=False, flipVert=False, font='Arial', fontFiles=[], height=0.3, italic=False, languageStyle='LTR', name='textZap', opacity=1.0, ori=0, pos=array([0., 0.]), rgb=array([255.,   0.,   0.]), text='Shock trigger!', units='norm', win=Window(...), wrapWidth=1)
5.9951 	EXP 	Created EndText = TextStim(__class__=<class 'psychopy.visual.text.TextStim'>, alignHoriz='center', alignVert='center', antialias=True, autoLog=True, bold=False, color='white', colorSpace='named', contrast=1.0, depth=0.0, flipHoriz=False, flipVert=False, font='Arial', fontFiles=[], height=0.09, italic=False, languageStyle='LTR', name='EndText', opacity=1.0, ori=0, pos=array([0., 0.]), rgb=array([255., 255., 255.]), text=str(...), units='norm', win=Window(...), wrapWidth=1)
6.0095 	EXP 	WelcomeText: autoDraw = True
6.0095 	EXP 	WelcomeProceed: autoDraw = True
8.7689 	DATA 	Keypress: space
8.7834 	EXP 	WelcomeText: autoDraw = False
8.7834 	EXP 	WelcomeProceed: autoDraw = False
8.7834 	EXP 	BlankText: autoDraw = True
9.2839 	EXP 	BlankText: autoDraw = False
9.2839 	EXP 	BlankText: autoDraw = False
9.2839 	EXP 	ICText1: autoDraw = True
9.2839 	EXP 	ICProceed1: autoDraw = True
19.6084 	DATA 	Keypress: space
19.6245 	EXP 	ICText1: autoDraw = False
19.6245 	EXP 	ICProceed1: autoDraw = False
19.6245 	EXP 	BlankText: autoDraw = True
20.1253 	EXP 	BlankText: autoDraw = False
20.1253 	EXP 	BlankText: autoDraw = False
20.1253 	EXP 	ICText2: autoDraw = True
20.1253 	EXP 	ICProceed2: autoDraw = True
33.4521 	DATA 	Keypress: space
41.4567 	DATA 	Keypress: return
41.4731 	EXP 	ICText2: autoDraw = False
41.4731 	EXP 	ICProceed2: autoDraw = False
41.4731 	EXP 	BlankText: autoDraw = True
41.9758 	EXP 	BlankText: autoDraw = False
41.9758 	EXP 	WaitingText: autoDraw = True
41.9758 	EXP 	P1: autoDraw = True
41.9758 	EXP 	P2: autoDraw = True
41.9758 	EXP 	User: autoDraw = True
41.9758 	EXP 	P4: autoDraw = True
41.9758 	EXP 	P1G: autoDraw = True
41.9758 	EXP 	P2R: autoDraw = True
41.9758 	EXP 	UserG: autoDraw = True
41.9758 	EXP 	P4R: autoDraw = True
42.8431 	DATA 	Keypress: return
44.4755 	EXP 	P4R: autoDraw = False
44.4755 	EXP 	P4G: autoDraw = True
45.9768 	EXP 	P2R: autoDraw = False
45.9768 	EXP 	P2G: autoDraw = True
47.9615 	EXP 	WaitingText: autoDraw = False
47.9615 	EXP 	P1: autoDraw = False
47.9615 	EXP 	P2: autoDraw = False
47.9615 	EXP 	User: autoDraw = False
47.9615 	EXP 	P4: autoDraw = False
47.9615 	EXP 	P1G: autoDraw = False
47.9615 	EXP 	P2G: autoDraw = False
47.9615 	EXP 	UserG: autoDraw = False
47.9615 	EXP 	P4G: autoDraw = False
47.9615 	EXP 	WaitingText: autoDraw = False
47.9615 	EXP 	P1: autoDraw = False
47.9615 	EXP 	P2: autoDraw = False
47.9615 	EXP 	User: autoDraw = False
47.9615 	EXP 	P4: autoDraw = False
47.9615 	EXP 	P1G: autoDraw = False
47.9615 	EXP 	P2R: autoDraw = False
47.9615 	EXP 	P2G: autoDraw = False
47.9615 	EXP 	UserG: autoDraw = False
47.9615 	EXP 	P4R: autoDraw = False
47.9615 	EXP 	P4G: autoDraw = False
47.9615 	EXP 	BlankText: autoDraw = True
48.4649 	EXP 	BlankText: autoDraw = False
48.4649 	EXP 	BlankText: autoDraw = False
48.4649 	EXP 	text: autoDraw = True
48.4649 	EXP 	CSText: autoDraw = True
48.4649 	EXP 	CSProceed: autoDraw = True
49.4628 	EXP 	text: autoDraw = False
53.6998 	DATA 	Keypress: space
53.7302 	EXP 	Imported ImageFiles.xlsx as conditions, 3 conditions, 3 params
53.7307 	EXP 	Created sequence: random, trialTypes=3, nReps=6, seed=None
53.7311 	EXP 	New trial (rep=0, index=0): OrderedDict([('ImageFile', 'images/Face2.jpg'), ('Shock', 1), ('ID', 2)])
53.7380 	EXP 	text: autoDraw = False
53.7380 	EXP 	CSText: autoDraw = False
53.7380 	EXP 	CSProceed: autoDraw = False
53.7380 	EXP 	BlankText: autoDraw = True
54.2327 	EXP 	BlankText: autoDraw = False
54.2327 	EXP 	Cross: autoDraw = True
54.7733 	EXP 	Cross: autoDraw = False
54.7733 	EXP 	ConditionImages: image = 'images/Face2.jpg'
55.4839 	EXP 	ConditionImages: autoDraw = True
55.7847 	DATA 	Keypress: escape
55.8396 	EXP 	window1: mouseVisible = True
