2.9715 	WARNING 	psychopy.parallel has been imported but no parallel port driver found. Install either inpout32, inpoutx64 or dlportio
4.6267 	WARNING 	User requested fullscreen with size [1024  768], but screen is actually [1920, 1200]. Using actual size
5.5857 	EXP 	Created window1 = Window(allowGUI=False, allowStencil=False, args=UNKNOWN, autoLog=True, bitsMode=UNKNOWN, blendMode='avg', color=array([0., 0., 0.]), colorSpace='rgb', fullscr=<method-wrapper '__getattribute__' of attributeSetter object at 0x0CBBBA10>, gamma=None, kwargs=UNKNOWN, lms=UNKNOWN, monitor=<psychopy.monitors.calibTools.Monitor object at 0x138CA990>, multiSample=False, name='window1', numSamples=2, pos=[0.0, 0.0], screen=0, size=array([1920, 1200]), stereo=False, units='norm', useFBO=True, useRetina=False, viewOri=0.0, viewPos=None, viewScale=None, waitBlanking=True, winType='pyglet')
5.5857 	EXP 	window1: recordFrameIntervals = False
5.7514 	EXP 	window1: recordFrameIntervals = True
5.9352 	EXP 	window1: recordFrameIntervals = False
6.0529 	EXP 	Created WelcomeText = TextStim(__class__=<class 'psychopy.visual.text.TextStim'>, alignHoriz='center', alignVert='center', antialias=True, autoLog=True, bold=False, color='white', colorSpace='named', contrast=1.0, depth=0.0, flipHoriz=False, flipVert=False, font='Arial', fontFiles=[], height=0.1, italic=False, languageStyle='LTR', name='WelcomeText', opacity=1.0, ori=0, pos=array([0., 0.]), rgb=array([255., 255., 255.]), text='Please have a seat', units='norm', win=Window(...), wrapWidth=1)
6.0686 	EXP 	Created WelcomeProceed = TextStim(__class__=<class 'psychopy.visual.text.TextStim'>, alignHoriz='center', alignVert='center', antialias=True, autoLog=True, bold=False, color='white', colorSpace='named', contrast=1.0, depth=-2.0, flipHoriz=False, flipVert=False, font='Arial', fontFiles=[], height=0.1, italic=False, languageStyle='LTR', name='WelcomeProceed', opacity=1.0, ori=0, pos=array([ 0. , -0.7]), rgb=array([255., 255., 255.]), text="Press 'Spacebar' to continue", units='norm', win=Window(...), wrapWidth=1)
6.0692 	EXP 	Created BlankText = TextStim(__class__=<class 'psychopy.visual.text.TextStim'>, alignHoriz='center', alignVert='center', antialias=True, autoLog=True, bold=False, color='white', colorSpace='named', contrast=1.0, depth=0.0, flipHoriz=False, flipVert=False, font='Arial', fontFiles=[], height=0.1, italic=False, languageStyle='LTR', name='BlankText', opacity=1.0, ori=0, pos=array([0., 0.]), rgb=array([255., 255., 255.]), text='', units='norm', win=Window(...), wrapWidth=1)
6.0849 	EXP 	Created ICText1 = TextStim(__class__=<class 'psychopy.visual.text.TextStim'>, alignHoriz='center', alignVert='center', antialias=True, autoLog=True, bold=False, color='white', colorSpace='named', contrast=1.0, depth=0.0, flipHoriz=False, flipVert=False, font='Arial', fontFiles=[], height=0.1, italic=False, languageStyle='LTR', name='ICText1', opacity=1.0, ori=0, pos=array([0., 0.]), rgb=array([255., 255., 255.]), text=str(...), units='norm', win=Window(...), wrapWidth=1)
6.0905 	EXP 	Created ICProceed1 = TextStim(__class__=<class 'psychopy.visual.text.TextStim'>, alignHoriz='center', alignVert='center', antialias=True, autoLog=True, bold=False, color='white', colorSpace='named', contrast=1.0, depth=-2.0, flipHoriz=False, flipVert=False, font='Arial', fontFiles=[], height=0.1, italic=False, languageStyle='LTR', name='ICProceed1', opacity=1.0, ori=0, pos=array([ 0. , -0.7]), rgb=array([255., 255., 255.]), text="Press 'Spacebar' to continue", units='norm', win=Window(...), wrapWidth=1)
6.0910 	EXP 	Created BlankText = TextStim(__class__=<class 'psychopy.visual.text.TextStim'>, alignHoriz='center', alignVert='center', antialias=True, autoLog=True, bold=False, color='white', colorSpace='named', contrast=1.0, depth=0.0, flipHoriz=False, flipVert=False, font='Arial', fontFiles=[], height=0.1, italic=False, languageStyle='LTR', name='BlankText', opacity=1.0, ori=0, pos=array([0., 0.]), rgb=array([255., 255., 255.]), text='', units='norm', win=Window(...), wrapWidth=1)
6.1112 	EXP 	Created ICText2 = TextStim(__class__=<class 'psychopy.visual.text.TextStim'>, alignHoriz='center', alignVert='center', antialias=True, autoLog=True, bold=False, color='white', colorSpace='named', contrast=1.0, depth=0.0, flipHoriz=False, flipVert=False, font='Arial', fontFiles=[], height=0.1, italic=False, languageStyle='LTR', name='ICText2', opacity=1.0, ori=0, pos=array([0., 0.]), rgb=array([255., 255., 255.]), text=str(...), units='norm', win=Window(...), wrapWidth=1)
6.1208 	EXP 	Created ICProceed2 = TextStim(__class__=<class 'psychopy.visual.text.TextStim'>, alignHoriz='center', alignVert='center', antialias=True, autoLog=True, bold=False, color='white', colorSpace='named', contrast=1.0, depth=-2.0, flipHoriz=False, flipVert=False, font='Arial', fontFiles=[], height=0.1, italic=False, languageStyle='LTR', name='ICProceed2', opacity=1.0, ori=0, pos=array([ 0. , -0.7]), rgb=array([255., 255., 255.]), text="Press 'Enter' when ready", units='norm', win=Window(...), wrapWidth=1)
6.1215 	EXP 	Created BlankText = TextStim(__class__=<class 'psychopy.visual.text.TextStim'>, alignHoriz='center', alignVert='center', antialias=True, autoLog=True, bold=False, color='white', colorSpace='named', contrast=1.0, depth=0.0, flipHoriz=False, flipVert=False, font='Arial', fontFiles=[], height=0.1, italic=False, languageStyle='LTR', name='BlankText', opacity=1.0, ori=0, pos=array([0., 0.]), rgb=array([255., 255., 255.]), text='', units='norm', win=Window(...), wrapWidth=1)
6.1451 	EXP 	Created WaitingText = TextStim(__class__=<class 'psychopy.visual.text.TextStim'>, alignHoriz='center', alignVert='center', antialias=True, autoLog=True, bold=False, color='white', colorSpace='named', contrast=1.0, depth=0.0, flipHoriz=False, flipVert=False, font='Arial', fontFiles=[], height=0.12, italic=False, languageStyle='LTR', name='WaitingText', opacity=1.0, ori=0, pos=array([0. , 0.3]), rgb=array([255., 255., 255.]), text='Waiting for players...', units='norm', win=Window(...), wrapWidth=1)
6.1536 	EXP 	Created P1 = TextStim(__class__=<class 'psychopy.visual.text.TextStim'>, alignHoriz='center', alignVert='center', antialias=True, autoLog=True, bold=False, color='white', colorSpace='named', contrast=1.0, depth=-1.0, flipHoriz=False, flipVert=False, font='Arial', fontFiles=[], height=0.08, italic=False, languageStyle='LTR', name='P1', opacity=1.0, ori=0, pos=array([-0.6,  0.1]), rgb=array([255., 255., 255.]), text='P1', units='norm', win=Window(...), wrapWidth=1)
6.1573 	EXP 	Created P2 = TextStim(__class__=<class 'psychopy.visual.text.TextStim'>, alignHoriz='center', alignVert='center', antialias=True, autoLog=True, bold=False, color='white', colorSpace='named', contrast=1.0, depth=-2.0, flipHoriz=False, flipVert=False, font='Arial', fontFiles=[], height=0.08, italic=False, languageStyle='LTR', name='P2', opacity=1.0, ori=0, pos=array([-0.2,  0.1]), rgb=array([255., 255., 255.]), text='P2', units='norm', win=Window(...), wrapWidth=1)
6.1692 	EXP 	Created User = TextStim(__class__=<class 'psychopy.visual.text.TextStim'>, alignHoriz='center', alignVert='center', antialias=True, autoLog=True, bold=False, color='white', colorSpace='named', contrast=1.0, depth=-3.0, flipHoriz=False, flipVert=False, font='Arial', fontFiles=[], height=0.08, italic=False, languageStyle='LTR', name='User', opacity=1.0, ori=0, pos=array([0.2, 0.1]), rgb=array([255., 255., 255.]), text='P3 (you)', units='norm', win=Window(...), wrapWidth=1)
6.1734 	EXP 	Created P4 = TextStim(__class__=<class 'psychopy.visual.text.TextStim'>, alignHoriz='center', alignVert='center', antialias=True, autoLog=True, bold=False, color='white', colorSpace='named', contrast=1.0, depth=-4.0, flipHoriz=False, flipVert=False, font='Arial', fontFiles=[], height=0.08, italic=False, languageStyle='LTR', name='P4', opacity=1.0, ori=0, pos=array([0.6, 0.1]), rgb=array([255., 255., 255.]), text='P4', units='norm', win=Window(...), wrapWidth=1)
6.1813 	EXP 	Created P1G = Polygon(__class__=<class 'psychopy.visual.polygon.Polygon'>, autoDraw=False, autoLog=True, closeShape=True, color=method-wrapper(...), colorSpace=None, contrast=1.0, depth=-5.0, fillColor='green', fillColorSpace='named', fillRGB=array([  0., 128.,   0.]), interpolate=True, lineColor='black', lineColorSpace='named', lineRGB=array([0., 0., 0.]), lineWidth=1, name='P1G', opacity=1.0, ori=array(0.), pos=array([-0.6, -0.1]), size=array([0.09, 0.14]), units='norm', vertices=ndarray(...), win=Window(...))
6.1825 	EXP 	Created P2R = Polygon(__class__=<class 'psychopy.visual.polygon.Polygon'>, autoDraw=False, autoLog=True, closeShape=True, color=method-wrapper(...), colorSpace=None, contrast=1.0, depth=-6.0, fillColor='red', fillColorSpace='named', fillRGB=array([255.,   0.,   0.]), interpolate=True, lineColor='black', lineColorSpace='named', lineRGB=array([0., 0., 0.]), lineWidth=1, name='P2R', opacity=1.0, ori=array(0.), pos=array([-0.2, -0.1]), size=array([0.09, 0.14]), units='norm', vertices=ndarray(...), win=Window(...))
6.1836 	EXP 	Created P2G = Polygon(__class__=<class 'psychopy.visual.polygon.Polygon'>, autoDraw=False, autoLog=True, closeShape=True, color=method-wrapper(...), colorSpace=None, contrast=1.0, depth=-7.0, fillColor='green', fillColorSpace='named', fillRGB=array([  0., 128.,   0.]), interpolate=True, lineColor='black', lineColorSpace='named', lineRGB=array([0., 0., 0.]), lineWidth=1, name='P2G', opacity=1.0, ori=array(0.), pos=array([-0.2, -0.1]), size=array([0.09, 0.14]), units='norm', vertices=ndarray(...), win=Window(...))
6.1848 	EXP 	Created UserG = Polygon(__class__=<class 'psychopy.visual.polygon.Polygon'>, autoDraw=False, autoLog=True, closeShape=True, color=method-wrapper(...), colorSpace=None, contrast=1.0, depth=-8.0, fillColor='green', fillColorSpace='named', fillRGB=array([  0., 128.,   0.]), interpolate=True, lineColor='black', lineColorSpace='named', lineRGB=array([0., 0., 0.]), lineWidth=1, name='UserG', opacity=1.0, ori=array(0.), pos=array([ 0.2, -0.1]), size=array([0.09, 0.14]), units='norm', vertices=ndarray(...), win=Window(...))
6.1859 	EXP 	Created P4R = Polygon(__class__=<class 'psychopy.visual.polygon.Polygon'>, autoDraw=False, autoLog=True, closeShape=True, color=method-wrapper(...), colorSpace=None, contrast=1.0, depth=-9.0, fillColor='red', fillColorSpace='named', fillRGB=array([255.,   0.,   0.]), interpolate=True, lineColor='black', lineColorSpace='named', lineRGB=array([0., 0., 0.]), lineWidth=1, name='P4R', opacity=1.0, ori=array(0.), pos=array([ 0.6, -0.1]), size=array([0.09, 0.14]), units='norm', vertices=ndarray(...), win=Window(...))
6.1870 	EXP 	Created P4G = Polygon(__class__=<class 'psychopy.visual.polygon.Polygon'>, autoDraw=False, autoLog=True, closeShape=True, color=method-wrapper(...), colorSpace=None, contrast=1.0, depth=-10.0, fillColor='green', fillColorSpace='named', fillRGB=array([  0., 128.,   0.]), interpolate=True, lineColor='black', lineColorSpace='named', lineRGB=array([0., 0., 0.]), lineWidth=1, name='P4G', opacity=1.0, ori=array(0.), pos=array([ 0.6, -0.1]), size=array([0.09, 0.14]), units='norm', vertices=ndarray(...), win=Window(...))
6.1875 	EXP 	Created BlankText = TextStim(__class__=<class 'psychopy.visual.text.TextStim'>, alignHoriz='center', alignVert='center', antialias=True, autoLog=True, bold=False, color='white', colorSpace='named', contrast=1.0, depth=0.0, flipHoriz=False, flipVert=False, font='Arial', fontFiles=[], height=0.1, italic=False, languageStyle='LTR', name='BlankText', opacity=1.0, ori=0, pos=array([0., 0.]), rgb=array([255., 255., 255.]), text='', units='norm', win=Window(...), wrapWidth=1)
6.2249 	EXP 	Created CSText = TextStim(__class__=<class 'psychopy.visual.text.TextStim'>, alignHoriz='center', alignVert='center', antialias=True, autoLog=True, bold=False, color='white', colorSpace='named', contrast=1.0, depth=0.0, flipHoriz=False, flipVert=False, font='Arial', fontFiles=[], height=0.15, italic=False, languageStyle='LTR', name='CSText', opacity=1.0, ori=0, pos=array([0., 0.]), rgb=array([255., 255., 255.]), text='YOU have been selected as a target. ', units='norm', win=Window(...), wrapWidth=1)
6.2352 	EXP 	Created CSProceed = TextStim(__class__=<class 'psychopy.visual.text.TextStim'>, alignHoriz='center', alignVert='center', antialias=True, autoLog=True, bold=False, color='white', colorSpace='named', contrast=1.0, depth=-2.0, flipHoriz=False, flipVert=False, font='Arial', fontFiles=[], height=0.1, italic=False, languageStyle='LTR', name='CSProceed', opacity=1.0, ori=0, pos=array([ 0. , -0.7]), rgb=array([255., 255., 255.]), text=str(...), units='norm', win=Window(...), wrapWidth=1)
6.2358 	EXP 	Created BlankText = TextStim(__class__=<class 'psychopy.visual.text.TextStim'>, alignHoriz='center', alignVert='center', antialias=True, autoLog=True, bold=False, color='white', colorSpace='named', contrast=1.0, depth=0.0, flipHoriz=False, flipVert=False, font='Arial', fontFiles=[], height=0.1, italic=False, languageStyle='LTR', name='BlankText', opacity=1.0, ori=0, pos=array([0., 0.]), rgb=array([255., 255., 255.]), text='', units='norm', win=Window(...), wrapWidth=1)
6.2371 	EXP 	Created Cross = ShapeStim(__class__=<class 'psychopy.visual.shape.ShapeStim'>, autoDraw=False, autoLog=True, closeShape=True, contrast=1.0, depth=0.0, fillColor='black', fillColorSpace='named', interpolate=True, lineColor='black', lineColorSpace='named', lineWidth=1, name='Cross', opacity=1.0, ori=array(0.), pos=array([0., 0.]), size=array([0.02, 0.03]), units='norm', vertices=ndarray(...), win=Window(...), windingRule=None)
6.2848 	EXP 	window1: mouseVisible = True
4.5779 	WARNING 	User requested fullscreen with size [1024  768], but screen is actually [1920, 1200]. Using actual size
5.4969 	EXP 	Created window1 = Window(allowGUI=False, allowStencil=False, args=UNKNOWN, autoLog=True, bitsMode=UNKNOWN, blendMode='avg', color=array([0., 0., 0.]), colorSpace='rgb', fullscr=<method-wrapper '__getattribute__' of attributeSetter object at 0x0D61CA10>, gamma=None, kwargs=UNKNOWN, lms=UNKNOWN, monitor=<psychopy.monitors.calibTools.Monitor object at 0x1429CAB0>, multiSample=False, name='window1', numSamples=2, pos=[0.0, 0.0], screen=0, size=array([1920, 1200]), stereo=False, units='norm', useFBO=True, useRetina=False, viewOri=0.0, viewPos=None, viewScale=None, waitBlanking=True, winType='pyglet')
5.4969 	EXP 	window1: recordFrameIntervals = False
5.6635 	EXP 	window1: recordFrameIntervals = True
5.8477 	EXP 	window1: recordFrameIntervals = False
5.9621 	EXP 	Created WelcomeText = TextStim(__class__=<class 'psychopy.visual.text.TextStim'>, alignHoriz='center', alignVert='center', antialias=True, autoLog=True, bold=False, color='white', colorSpace='named', contrast=1.0, depth=0.0, flipHoriz=False, flipVert=False, font='Arial', fontFiles=[], height=0.1, italic=False, languageStyle='LTR', name='WelcomeText', opacity=1.0, ori=0, pos=array([0., 0.]), rgb=array([255., 255., 255.]), text='Please have a seat', units='norm', win=Window(...), wrapWidth=1)
5.9781 	EXP 	Created WelcomeProceed = TextStim(__class__=<class 'psychopy.visual.text.TextStim'>, alignHoriz='center', alignVert='center', antialias=True, autoLog=True, bold=False, color='white', colorSpace='named', contrast=1.0, depth=-2.0, flipHoriz=False, flipVert=False, font='Arial', fontFiles=[], height=0.1, italic=False, languageStyle='LTR', name='WelcomeProceed', opacity=1.0, ori=0, pos=array([ 0. , -0.7]), rgb=array([255., 255., 255.]), text="Press 'Spacebar' to continue", units='norm', win=Window(...), wrapWidth=1)
5.9786 	EXP 	Created BlankText = TextStim(__class__=<class 'psychopy.visual.text.TextStim'>, alignHoriz='center', alignVert='center', antialias=True, autoLog=True, bold=False, color='white', colorSpace='named', contrast=1.0, depth=0.0, flipHoriz=False, flipVert=False, font='Arial', fontFiles=[], height=0.1, italic=False, languageStyle='LTR', name='BlankText', opacity=1.0, ori=0, pos=array([0., 0.]), rgb=array([255., 255., 255.]), text='', units='norm', win=Window(...), wrapWidth=1)
5.9935 	EXP 	Created ICText1 = TextStim(__class__=<class 'psychopy.visual.text.TextStim'>, alignHoriz='center', alignVert='center', antialias=True, autoLog=True, bold=False, color='white', colorSpace='named', contrast=1.0, depth=0.0, flipHoriz=False, flipVert=False, font='Arial', fontFiles=[], height=0.1, italic=False, languageStyle='LTR', name='ICText1', opacity=1.0, ori=0, pos=array([0., 0.]), rgb=array([255., 255., 255.]), text=str(...), units='norm', win=Window(...), wrapWidth=1)
5.9993 	EXP 	Created ICProceed1 = TextStim(__class__=<class 'psychopy.visual.text.TextStim'>, alignHoriz='center', alignVert='center', antialias=True, autoLog=True, bold=False, color='white', colorSpace='named', contrast=1.0, depth=-2.0, flipHoriz=False, flipVert=False, font='Arial', fontFiles=[], height=0.1, italic=False, languageStyle='LTR', name='ICProceed1', opacity=1.0, ori=0, pos=array([ 0. , -0.7]), rgb=array([255., 255., 255.]), text="Press 'Spacebar' to continue", units='norm', win=Window(...), wrapWidth=1)
5.9998 	EXP 	Created BlankText = TextStim(__class__=<class 'psychopy.visual.text.TextStim'>, alignHoriz='center', alignVert='center', antialias=True, autoLog=True, bold=False, color='white', colorSpace='named', contrast=1.0, depth=0.0, flipHoriz=False, flipVert=False, font='Arial', fontFiles=[], height=0.1, italic=False, languageStyle='LTR', name='BlankText', opacity=1.0, ori=0, pos=array([0., 0.]), rgb=array([255., 255., 255.]), text='', units='norm', win=Window(...), wrapWidth=1)
6.0196 	EXP 	Created ICText2 = TextStim(__class__=<class 'psychopy.visual.text.TextStim'>, alignHoriz='center', alignVert='center', antialias=True, autoLog=True, bold=False, color='white', colorSpace='named', contrast=1.0, depth=0.0, flipHoriz=False, flipVert=False, font='Arial', fontFiles=[], height=0.1, italic=False, languageStyle='LTR', name='ICText2', opacity=1.0, ori=0, pos=array([0., 0.]), rgb=array([255., 255., 255.]), text=str(...), units='norm', win=Window(...), wrapWidth=1)
6.0298 	EXP 	Created ICProceed2 = TextStim(__class__=<class 'psychopy.visual.text.TextStim'>, alignHoriz='center', alignVert='center', antialias=True, autoLog=True, bold=False, color='white', colorSpace='named', contrast=1.0, depth=-2.0, flipHoriz=False, flipVert=False, font='Arial', fontFiles=[], height=0.1, italic=False, languageStyle='LTR', name='ICProceed2', opacity=1.0, ori=0, pos=array([ 0. , -0.7]), rgb=array([255., 255., 255.]), text="Press 'Enter' when ready", units='norm', win=Window(...), wrapWidth=1)
6.0303 	EXP 	Created BlankText = TextStim(__class__=<class 'psychopy.visual.text.TextStim'>, alignHoriz='center', alignVert='center', antialias=True, autoLog=True, bold=False, color='white', colorSpace='named', contrast=1.0, depth=0.0, flipHoriz=False, flipVert=False, font='Arial', fontFiles=[], height=0.1, italic=False, languageStyle='LTR', name='BlankText', opacity=1.0, ori=0, pos=array([0., 0.]), rgb=array([255., 255., 255.]), text='', units='norm', win=Window(...), wrapWidth=1)
6.0555 	EXP 	Created WaitingText = TextStim(__class__=<class 'psychopy.visual.text.TextStim'>, alignHoriz='center', alignVert='center', antialias=True, autoLog=True, bold=False, color='white', colorSpace='named', contrast=1.0, depth=0.0, flipHoriz=False, flipVert=False, font='Arial', fontFiles=[], height=0.12, italic=False, languageStyle='LTR', name='WaitingText', opacity=1.0, ori=0, pos=array([0. , 0.3]), rgb=array([255., 255., 255.]), text='Waiting for players...', units='norm', win=Window(...), wrapWidth=1)
6.0642 	EXP 	Created P1 = TextStim(__class__=<class 'psychopy.visual.text.TextStim'>, alignHoriz='center', alignVert='center', antialias=True, autoLog=True, bold=False, color='white', colorSpace='named', contrast=1.0, depth=-1.0, flipHoriz=False, flipVert=False, font='Arial', fontFiles=[], height=0.08, italic=False, languageStyle='LTR', name='P1', opacity=1.0, ori=0, pos=array([-0.6,  0.1]), rgb=array([255., 255., 255.]), text='P1', units='norm', win=Window(...), wrapWidth=1)
6.0685 	EXP 	Created P2 = TextStim(__class__=<class 'psychopy.visual.text.TextStim'>, alignHoriz='center', alignVert='center', antialias=True, autoLog=True, bold=False, color='white', colorSpace='named', contrast=1.0, depth=-2.0, flipHoriz=False, flipVert=False, font='Arial', fontFiles=[], height=0.08, italic=False, languageStyle='LTR', name='P2', opacity=1.0, ori=0, pos=array([-0.2,  0.1]), rgb=array([255., 255., 255.]), text='P2', units='norm', win=Window(...), wrapWidth=1)
6.0781 	EXP 	Created User = TextStim(__class__=<class 'psychopy.visual.text.TextStim'>, alignHoriz='center', alignVert='center', antialias=True, autoLog=True, bold=False, color='white', colorSpace='named', contrast=1.0, depth=-3.0, flipHoriz=False, flipVert=False, font='Arial', fontFiles=[], height=0.08, italic=False, languageStyle='LTR', name='User', opacity=1.0, ori=0, pos=array([0.2, 0.1]), rgb=array([255., 255., 255.]), text='P3 (you)', units='norm', win=Window(...), wrapWidth=1)
6.0817 	EXP 	Created P4 = TextStim(__class__=<class 'psychopy.visual.text.TextStim'>, alignHoriz='center', alignVert='center', antialias=True, autoLog=True, bold=False, color='white', colorSpace='named', contrast=1.0, depth=-4.0, flipHoriz=False, flipVert=False, font='Arial', fontFiles=[], height=0.08, italic=False, languageStyle='LTR', name='P4', opacity=1.0, ori=0, pos=array([0.6, 0.1]), rgb=array([255., 255., 255.]), text='P4', units='norm', win=Window(...), wrapWidth=1)
6.0894 	EXP 	Created P1G = Polygon(__class__=<class 'psychopy.visual.polygon.Polygon'>, autoDraw=False, autoLog=True, closeShape=True, color=method-wrapper(...), colorSpace=None, contrast=1.0, depth=-5.0, fillColor='green', fillColorSpace='named', fillRGB=array([  0., 128.,   0.]), interpolate=True, lineColor='black', lineColorSpace='named', lineRGB=array([0., 0., 0.]), lineWidth=1, name='P1G', opacity=1.0, ori=array(0.), pos=array([-0.6, -0.1]), size=array([0.09, 0.14]), units='norm', vertices=ndarray(...), win=Window(...))
6.0905 	EXP 	Created P2R = Polygon(__class__=<class 'psychopy.visual.polygon.Polygon'>, autoDraw=False, autoLog=True, closeShape=True, color=method-wrapper(...), colorSpace=None, contrast=1.0, depth=-6.0, fillColor='red', fillColorSpace='named', fillRGB=array([255.,   0.,   0.]), interpolate=True, lineColor='black', lineColorSpace='named', lineRGB=array([0., 0., 0.]), lineWidth=1, name='P2R', opacity=1.0, ori=array(0.), pos=array([-0.2, -0.1]), size=array([0.09, 0.14]), units='norm', vertices=ndarray(...), win=Window(...))
6.0916 	EXP 	Created P2G = Polygon(__class__=<class 'psychopy.visual.polygon.Polygon'>, autoDraw=False, autoLog=True, closeShape=True, color=method-wrapper(...), colorSpace=None, contrast=1.0, depth=-7.0, fillColor='green', fillColorSpace='named', fillRGB=array([  0., 128.,   0.]), interpolate=True, lineColor='black', lineColorSpace='named', lineRGB=array([0., 0., 0.]), lineWidth=1, name='P2G', opacity=1.0, ori=array(0.), pos=array([-0.2, -0.1]), size=array([0.09, 0.14]), units='norm', vertices=ndarray(...), win=Window(...))
6.0927 	EXP 	Created UserG = Polygon(__class__=<class 'psychopy.visual.polygon.Polygon'>, autoDraw=False, autoLog=True, closeShape=True, color=method-wrapper(...), colorSpace=None, contrast=1.0, depth=-8.0, fillColor='green', fillColorSpace='named', fillRGB=array([  0., 128.,   0.]), interpolate=True, lineColor='black', lineColorSpace='named', lineRGB=array([0., 0., 0.]), lineWidth=1, name='UserG', opacity=1.0, ori=array(0.), pos=array([ 0.2, -0.1]), size=array([0.09, 0.14]), units='norm', vertices=ndarray(...), win=Window(...))
6.0938 	EXP 	Created P4R = Polygon(__class__=<class 'psychopy.visual.polygon.Polygon'>, autoDraw=False, autoLog=True, closeShape=True, color=method-wrapper(...), colorSpace=None, contrast=1.0, depth=-9.0, fillColor='red', fillColorSpace='named', fillRGB=array([255.,   0.,   0.]), interpolate=True, lineColor='black', lineColorSpace='named', lineRGB=array([0., 0., 0.]), lineWidth=1, name='P4R', opacity=1.0, ori=array(0.), pos=array([ 0.6, -0.1]), size=array([0.09, 0.14]), units='norm', vertices=ndarray(...), win=Window(...))
6.0949 	EXP 	Created P4G = Polygon(__class__=<class 'psychopy.visual.polygon.Polygon'>, autoDraw=False, autoLog=True, closeShape=True, color=method-wrapper(...), colorSpace=None, contrast=1.0, depth=-10.0, fillColor='green', fillColorSpace='named', fillRGB=array([  0., 128.,   0.]), interpolate=True, lineColor='black', lineColorSpace='named', lineRGB=array([0., 0., 0.]), lineWidth=1, name='P4G', opacity=1.0, ori=array(0.), pos=array([ 0.6, -0.1]), size=array([0.09, 0.14]), units='norm', vertices=ndarray(...), win=Window(...))
6.0954 	EXP 	Created BlankText = TextStim(__class__=<class 'psychopy.visual.text.TextStim'>, alignHoriz='center', alignVert='center', antialias=True, autoLog=True, bold=False, color='white', colorSpace='named', contrast=1.0, depth=0.0, flipHoriz=False, flipVert=False, font='Arial', fontFiles=[], height=0.1, italic=False, languageStyle='LTR', name='BlankText', opacity=1.0, ori=0, pos=array([0., 0.]), rgb=array([255., 255., 255.]), text='', units='norm', win=Window(...), wrapWidth=1)
6.1327 	EXP 	Created CSText = TextStim(__class__=<class 'psychopy.visual.text.TextStim'>, alignHoriz='center', alignVert='center', antialias=True, autoLog=True, bold=False, color='white', colorSpace='named', contrast=1.0, depth=0.0, flipHoriz=False, flipVert=False, font='Arial', fontFiles=[], height=0.15, italic=False, languageStyle='LTR', name='CSText', opacity=1.0, ori=0, pos=array([0., 0.]), rgb=array([255., 255., 255.]), text='YOU have been selected as a target. ', units='norm', win=Window(...), wrapWidth=1)
6.1417 	EXP 	Created CSProceed = TextStim(__class__=<class 'psychopy.visual.text.TextStim'>, alignHoriz='center', alignVert='center', antialias=True, autoLog=True, bold=False, color='white', colorSpace='named', contrast=1.0, depth=-2.0, flipHoriz=False, flipVert=False, font='Arial', fontFiles=[], height=0.1, italic=False, languageStyle='LTR', name='CSProceed', opacity=1.0, ori=0, pos=array([ 0. , -0.7]), rgb=array([255., 255., 255.]), text=str(...), units='norm', win=Window(...), wrapWidth=1)
6.1422 	EXP 	Created BlankText = TextStim(__class__=<class 'psychopy.visual.text.TextStim'>, alignHoriz='center', alignVert='center', antialias=True, autoLog=True, bold=False, color='white', colorSpace='named', contrast=1.0, depth=0.0, flipHoriz=False, flipVert=False, font='Arial', fontFiles=[], height=0.1, italic=False, languageStyle='LTR', name='BlankText', opacity=1.0, ori=0, pos=array([0., 0.]), rgb=array([255., 255., 255.]), text='', units='norm', win=Window(...), wrapWidth=1)
6.1432 	EXP 	Created Cross = ShapeStim(__class__=<class 'psychopy.visual.shape.ShapeStim'>, autoDraw=False, autoLog=True, closeShape=True, contrast=1.0, depth=0.0, fillColor='black', fillColorSpace='named', interpolate=True, lineColor='black', lineColorSpace='named', lineWidth=1, name='Cross', opacity=1.0, ori=array(0.), pos=array([0., 0.]), size=array([0.02, 0.03]), units='norm', vertices=ndarray(...), win=Window(...), windingRule=None)
6.1508 	EXP 	Created ConditionImages = ImageStim(__class__=<class 'psychopy.visual.image.ImageStim'>, autoLog=True, color=array([1., 1., 1.]), colorSpace='rgb', contrast=1.0, depth=-1.0, flipHoriz=False, flipVert=False, image='sin', interpolate=True, mask=None, maskParams=None, name='ConditionImages', opacity=1.0, ori=0.0, pos=array([0., 0.]), size=array([360., 450.]), texRes=128, units='pix', win=Window(...))
6.1807 	EXP 	Created textZap = TextStim(__class__=<class 'psychopy.visual.text.TextStim'>, alignHoriz='center', alignVert='center', antialias=True, autoLog=True, bold=False, color='red', colorSpace='named', contrast=1.0, depth=-3.0, flipHoriz=False, flipVert=False, font='Arial', fontFiles=[], height=0.3, italic=False, languageStyle='LTR', name='textZap', opacity=1.0, ori=0, pos=array([0., 0.]), rgb=array([255.,   0.,   0.]), text='ZAP!!', units='norm', win=Window(...), wrapWidth=1)
6.2289 	EXP 	Created EndText = TextStim(__class__=<class 'psychopy.visual.text.TextStim'>, alignHoriz='center', alignVert='center', antialias=True, autoLog=True, bold=False, color='white', colorSpace='named', contrast=1.0, depth=0.0, flipHoriz=False, flipVert=False, font='Arial', fontFiles=[], height=0.09, italic=False, languageStyle='LTR', name='EndText', opacity=1.0, ori=0, pos=array([0., 0.]), rgb=array([255., 255., 255.]), text=str(...), units='norm', win=Window(...), wrapWidth=1)
6.2376 	EXP 	WelcomeText: autoDraw = True
6.2376 	EXP 	WelcomeProceed: autoDraw = True
11.4356 	DATA 	Keypress: space
11.4511 	EXP 	WelcomeText: autoDraw = False
11.4511 	EXP 	WelcomeProceed: autoDraw = False
11.4511 	EXP 	BlankText: autoDraw = True
11.9512 	EXP 	BlankText: autoDraw = False
11.9512 	EXP 	BlankText: autoDraw = False
11.9512 	EXP 	ICText1: autoDraw = True
11.9512 	EXP 	ICProceed1: autoDraw = True
12.4186 	DATA 	Keypress: space
12.4347 	EXP 	ICText1: autoDraw = False
12.4347 	EXP 	ICProceed1: autoDraw = False
12.4347 	EXP 	BlankText: autoDraw = True
12.9352 	EXP 	BlankText: autoDraw = False
12.9352 	EXP 	BlankText: autoDraw = False
12.9352 	EXP 	ICText2: autoDraw = True
12.9352 	EXP 	ICProceed2: autoDraw = True
13.3522 	DATA 	Keypress: space
14.2866 	DATA 	Keypress: space
688.6573 	DATA 	Keypress: return
688.6883 	EXP 	ICText2: autoDraw = False
688.6883 	EXP 	ICProceed2: autoDraw = False
688.6883 	EXP 	BlankText: autoDraw = True
689.1941 	EXP 	BlankText: autoDraw = False
689.1941 	EXP 	WaitingText: autoDraw = True
689.1941 	EXP 	P1: autoDraw = True
689.1941 	EXP 	P2: autoDraw = True
689.1941 	EXP 	User: autoDraw = True
689.1941 	EXP 	P4: autoDraw = True
689.1941 	EXP 	P1G: autoDraw = True
689.1941 	EXP 	P2R: autoDraw = True
689.1941 	EXP 	UserG: autoDraw = True
689.1941 	EXP 	P4R: autoDraw = True
691.6913 	EXP 	P4R: autoDraw = False
691.6913 	EXP 	P4G: autoDraw = True
691.8419 	DATA 	Keypress: escape
691.8978 	EXP 	window1: mouseVisible = True
