4.1373 	WARNING 	User requested fullscreen with size [1024  768], but screen is actually [1920, 1200]. Using actual size
5.0466 	EXP 	Created window1 = Window(allowGUI=False, allowStencil=False, args=UNKNOWN, autoLog=True, bitsMode=UNKNOWN, blendMode='avg', color=array([0., 0., 0.]), colorSpace='rgb', fullscr=<method-wrapper '__getattribute__' of attributeSetter object at 0x0CA669B0>, gamma=None, kwargs=UNKNOWN, lms=UNKNOWN, monitor=<psychopy.monitors.calibTools.Monitor object at 0x1367CA70>, multiSample=False, name='window1', numSamples=2, pos=[0.0, 0.0], screen=0, size=array([1920, 1200]), stereo=False, units='norm', useFBO=True, useRetina=False, viewOri=0.0, viewPos=None, viewScale=None, waitBlanking=True, winType='pyglet')
5.0467 	EXP 	window1: recordFrameIntervals = False
5.2116 	EXP 	window1: recordFrameIntervals = True
5.3960 	EXP 	window1: recordFrameIntervals = False
5.5192 	EXP 	Created WelcomeText = TextStim(__class__=<class 'psychopy.visual.text.TextStim'>, alignHoriz='center', alignVert='center', antialias=True, autoLog=True, bold=False, color='white', colorSpace='named', contrast=1.0, depth=0.0, flipHoriz=False, flipVert=False, font='Arial', fontFiles=[], height=0.1, italic=False, languageStyle='LTR', name='WelcomeText', opacity=1.0, ori=0, pos=array([0., 0.]), rgb=array([255., 255., 255.]), text='Please have a seat', units='norm', win=Window(...), wrapWidth=1)
5.5346 	EXP 	Created WelcomeProceed = TextStim(__class__=<class 'psychopy.visual.text.TextStim'>, alignHoriz='center', alignVert='center', antialias=True, autoLog=True, bold=False, color='white', colorSpace='named', contrast=1.0, depth=-2.0, flipHoriz=False, flipVert=False, font='Arial', fontFiles=[], height=0.1, italic=False, languageStyle='LTR', name='WelcomeProceed', opacity=1.0, ori=0, pos=array([ 0. , -0.7]), rgb=array([255., 255., 255.]), text="Press 'Spacebar' to continue", units='norm', win=Window(...), wrapWidth=1)
5.5351 	EXP 	Created BlankText = TextStim(__class__=<class 'psychopy.visual.text.TextStim'>, alignHoriz='center', alignVert='center', antialias=True, autoLog=True, bold=False, color='white', colorSpace='named', contrast=1.0, depth=0.0, flipHoriz=False, flipVert=False, font='Arial', fontFiles=[], height=0.1, italic=False, languageStyle='LTR', name='BlankText', opacity=1.0, ori=0, pos=array([0., 0.]), rgb=array([255., 255., 255.]), text='', units='norm', win=Window(...), wrapWidth=1)
5.5490 	EXP 	Created ICText1 = TextStim(__class__=<class 'psychopy.visual.text.TextStim'>, alignHoriz='center', alignVert='center', antialias=True, autoLog=True, bold=False, color='white', colorSpace='named', contrast=1.0, depth=0.0, flipHoriz=False, flipVert=False, font='Arial', fontFiles=[], height=0.1, italic=False, languageStyle='LTR', name='ICText1', opacity=1.0, ori=0, pos=array([0., 0.]), rgb=array([255., 255., 255.]), text=str(...), units='norm', win=Window(...), wrapWidth=1)
5.5543 	EXP 	Created ICProceed1 = TextStim(__class__=<class 'psychopy.visual.text.TextStim'>, alignHoriz='center', alignVert='center', antialias=True, autoLog=True, bold=False, color='white', colorSpace='named', contrast=1.0, depth=-2.0, flipHoriz=False, flipVert=False, font='Arial', fontFiles=[], height=0.1, italic=False, languageStyle='LTR', name='ICProceed1', opacity=1.0, ori=0, pos=array([ 0. , -0.7]), rgb=array([255., 255., 255.]), text="Press 'Spacebar' to continue", units='norm', win=Window(...), wrapWidth=1)
5.5548 	EXP 	Created BlankText = TextStim(__class__=<class 'psychopy.visual.text.TextStim'>, alignHoriz='center', alignVert='center', antialias=True, autoLog=True, bold=False, color='white', colorSpace='named', contrast=1.0, depth=0.0, flipHoriz=False, flipVert=False, font='Arial', fontFiles=[], height=0.1, italic=False, languageStyle='LTR', name='BlankText', opacity=1.0, ori=0, pos=array([0., 0.]), rgb=array([255., 255., 255.]), text='', units='norm', win=Window(...), wrapWidth=1)
5.5735 	EXP 	Created ICText2 = TextStim(__class__=<class 'psychopy.visual.text.TextStim'>, alignHoriz='center', alignVert='center', antialias=True, autoLog=True, bold=False, color='white', colorSpace='named', contrast=1.0, depth=0.0, flipHoriz=False, flipVert=False, font='Arial', fontFiles=[], height=0.1, italic=False, languageStyle='LTR', name='ICText2', opacity=1.0, ori=0, pos=array([0., 0.]), rgb=array([255., 255., 255.]), text=str(...), units='norm', win=Window(...), wrapWidth=1)
5.5817 	EXP 	Created ICProceed2 = TextStim(__class__=<class 'psychopy.visual.text.TextStim'>, alignHoriz='center', alignVert='center', antialias=True, autoLog=True, bold=False, color='white', colorSpace='named', contrast=1.0, depth=-2.0, flipHoriz=False, flipVert=False, font='Arial', fontFiles=[], height=0.1, italic=False, languageStyle='LTR', name='ICProceed2', opacity=1.0, ori=0, pos=array([ 0. , -0.7]), rgb=array([255., 255., 255.]), text="Press 'Enter' when ready", units='norm', win=Window(...), wrapWidth=1)
5.5822 	EXP 	Created BlankText = TextStim(__class__=<class 'psychopy.visual.text.TextStim'>, alignHoriz='center', alignVert='center', antialias=True, autoLog=True, bold=False, color='white', colorSpace='named', contrast=1.0, depth=0.0, flipHoriz=False, flipVert=False, font='Arial', fontFiles=[], height=0.1, italic=False, languageStyle='LTR', name='BlankText', opacity=1.0, ori=0, pos=array([0., 0.]), rgb=array([255., 255., 255.]), text='', units='norm', win=Window(...), wrapWidth=1)
5.6057 	EXP 	Created WaitingText = TextStim(__class__=<class 'psychopy.visual.text.TextStim'>, alignHoriz='center', alignVert='center', antialias=True, autoLog=True, bold=False, color='white', colorSpace='named', contrast=1.0, depth=0.0, flipHoriz=False, flipVert=False, font='Arial', fontFiles=[], height=0.12, italic=False, languageStyle='LTR', name='WaitingText', opacity=1.0, ori=0, pos=array([0. , 0.3]), rgb=array([255., 255., 255.]), text='Waiting for players...', units='norm', win=Window(...), wrapWidth=1)
5.6137 	EXP 	Created P1 = TextStim(__class__=<class 'psychopy.visual.text.TextStim'>, alignHoriz='center', alignVert='center', antialias=True, autoLog=True, bold=False, color='white', colorSpace='named', contrast=1.0, depth=-1.0, flipHoriz=False, flipVert=False, font='Arial', fontFiles=[], height=0.08, italic=False, languageStyle='LTR', name='P1', opacity=1.0, ori=0, pos=array([-0.6,  0.1]), rgb=array([255., 255., 255.]), text='P1', units='norm', win=Window(...), wrapWidth=1)
5.6169 	EXP 	Created P2 = TextStim(__class__=<class 'psychopy.visual.text.TextStim'>, alignHoriz='center', alignVert='center', antialias=True, autoLog=True, bold=False, color='white', colorSpace='named', contrast=1.0, depth=-2.0, flipHoriz=False, flipVert=False, font='Arial', fontFiles=[], height=0.08, italic=False, languageStyle='LTR', name='P2', opacity=1.0, ori=0, pos=array([-0.2,  0.1]), rgb=array([255., 255., 255.]), text='P2', units='norm', win=Window(...), wrapWidth=1)
5.6253 	EXP 	Created User = TextStim(__class__=<class 'psychopy.visual.text.TextStim'>, alignHoriz='center', alignVert='center', antialias=True, autoLog=True, bold=False, color='white', colorSpace='named', contrast=1.0, depth=-3.0, flipHoriz=False, flipVert=False, font='Arial', fontFiles=[], height=0.08, italic=False, languageStyle='LTR', name='User', opacity=1.0, ori=0, pos=array([0.2, 0.1]), rgb=array([255., 255., 255.]), text='P3 (you)', units='norm', win=Window(...), wrapWidth=1)
5.6285 	EXP 	Created P4 = TextStim(__class__=<class 'psychopy.visual.text.TextStim'>, alignHoriz='center', alignVert='center', antialias=True, autoLog=True, bold=False, color='white', colorSpace='named', contrast=1.0, depth=-4.0, flipHoriz=False, flipVert=False, font='Arial', fontFiles=[], height=0.08, italic=False, languageStyle='LTR', name='P4', opacity=1.0, ori=0, pos=array([0.6, 0.1]), rgb=array([255., 255., 255.]), text='P4', units='norm', win=Window(...), wrapWidth=1)
5.6355 	EXP 	Created P1G = Polygon(__class__=<class 'psychopy.visual.polygon.Polygon'>, autoDraw=False, autoLog=True, closeShape=True, color=method-wrapper(...), colorSpace=None, contrast=1.0, depth=-5.0, fillColor='green', fillColorSpace='named', fillRGB=array([  0., 128.,   0.]), interpolate=True, lineColor='black', lineColorSpace='named', lineRGB=array([0., 0., 0.]), lineWidth=1, name='P1G', opacity=1.0, ori=array(0.), pos=array([-0.6, -0.1]), size=array([0.09, 0.14]), units='norm', vertices=ndarray(...), win=Window(...))
5.6367 	EXP 	Created P2R = Polygon(__class__=<class 'psychopy.visual.polygon.Polygon'>, autoDraw=False, autoLog=True, closeShape=True, color=method-wrapper(...), colorSpace=None, contrast=1.0, depth=-6.0, fillColor='red', fillColorSpace='named', fillRGB=array([255.,   0.,   0.]), interpolate=True, lineColor='black', lineColorSpace='named', lineRGB=array([0., 0., 0.]), lineWidth=1, name='P2R', opacity=1.0, ori=array(0.), pos=array([-0.2, -0.1]), size=array([0.09, 0.14]), units='norm', vertices=ndarray(...), win=Window(...))
5.6378 	EXP 	Created P2G = Polygon(__class__=<class 'psychopy.visual.polygon.Polygon'>, autoDraw=False, autoLog=True, closeShape=True, color=method-wrapper(...), colorSpace=None, contrast=1.0, depth=-7.0, fillColor='green', fillColorSpace='named', fillRGB=array([  0., 128.,   0.]), interpolate=True, lineColor='black', lineColorSpace='named', lineRGB=array([0., 0., 0.]), lineWidth=1, name='P2G', opacity=1.0, ori=array(0.), pos=array([-0.2, -0.1]), size=array([0.09, 0.14]), units='norm', vertices=ndarray(...), win=Window(...))
5.6389 	EXP 	Created UserG = Polygon(__class__=<class 'psychopy.visual.polygon.Polygon'>, autoDraw=False, autoLog=True, closeShape=True, color=method-wrapper(...), colorSpace=None, contrast=1.0, depth=-8.0, fillColor='green', fillColorSpace='named', fillRGB=array([  0., 128.,   0.]), interpolate=True, lineColor='black', lineColorSpace='named', lineRGB=array([0., 0., 0.]), lineWidth=1, name='UserG', opacity=1.0, ori=array(0.), pos=array([ 0.2, -0.1]), size=array([0.09, 0.14]), units='norm', vertices=ndarray(...), win=Window(...))
5.6400 	EXP 	Created P4R = Polygon(__class__=<class 'psychopy.visual.polygon.Polygon'>, autoDraw=False, autoLog=True, closeShape=True, color=method-wrapper(...), colorSpace=None, contrast=1.0, depth=-9.0, fillColor='red', fillColorSpace='named', fillRGB=array([255.,   0.,   0.]), interpolate=True, lineColor='black', lineColorSpace='named', lineRGB=array([0., 0., 0.]), lineWidth=1, name='P4R', opacity=1.0, ori=array(0.), pos=array([ 0.6, -0.1]), size=array([0.09, 0.14]), units='norm', vertices=ndarray(...), win=Window(...))
5.6411 	EXP 	Created P4G = Polygon(__class__=<class 'psychopy.visual.polygon.Polygon'>, autoDraw=False, autoLog=True, closeShape=True, color=method-wrapper(...), colorSpace=None, contrast=1.0, depth=-10.0, fillColor='green', fillColorSpace='named', fillRGB=array([  0., 128.,   0.]), interpolate=True, lineColor='black', lineColorSpace='named', lineRGB=array([0., 0., 0.]), lineWidth=1, name='P4G', opacity=1.0, ori=array(0.), pos=array([ 0.6, -0.1]), size=array([0.09, 0.14]), units='norm', vertices=ndarray(...), win=Window(...))
5.6416 	EXP 	Created BlankText = TextStim(__class__=<class 'psychopy.visual.text.TextStim'>, alignHoriz='center', alignVert='center', antialias=True, autoLog=True, bold=False, color='white', colorSpace='named', contrast=1.0, depth=0.0, flipHoriz=False, flipVert=False, font='Arial', fontFiles=[], height=0.1, italic=False, languageStyle='LTR', name='BlankText', opacity=1.0, ori=0, pos=array([0., 0.]), rgb=array([255., 255., 255.]), text='', units='norm', win=Window(...), wrapWidth=1)
5.6756 	EXP 	Created CSText = TextStim(__class__=<class 'psychopy.visual.text.TextStim'>, alignHoriz='center', alignVert='center', antialias=True, autoLog=True, bold=False, color='white', colorSpace='named', contrast=1.0, depth=0.0, flipHoriz=False, flipVert=False, font='Arial', fontFiles=[], height=0.15, italic=False, languageStyle='LTR', name='CSText', opacity=1.0, ori=0, pos=array([0., 0.]), rgb=array([255., 255., 255.]), text='YOU have been selected as a target. ', units='norm', win=Window(...), wrapWidth=1)
5.6840 	EXP 	Created CSProceed = TextStim(__class__=<class 'psychopy.visual.text.TextStim'>, alignHoriz='center', alignVert='center', antialias=True, autoLog=True, bold=False, color='white', colorSpace='named', contrast=1.0, depth=-2.0, flipHoriz=False, flipVert=False, font='Arial', fontFiles=[], height=0.1, italic=False, languageStyle='LTR', name='CSProceed', opacity=1.0, ori=0, pos=array([ 0. , -0.7]), rgb=array([255., 255., 255.]), text=str(...), units='norm', win=Window(...), wrapWidth=1)
5.6845 	EXP 	Created BlankText = TextStim(__class__=<class 'psychopy.visual.text.TextStim'>, alignHoriz='center', alignVert='center', antialias=True, autoLog=True, bold=False, color='white', colorSpace='named', contrast=1.0, depth=0.0, flipHoriz=False, flipVert=False, font='Arial', fontFiles=[], height=0.1, italic=False, languageStyle='LTR', name='BlankText', opacity=1.0, ori=0, pos=array([0., 0.]), rgb=array([255., 255., 255.]), text='', units='norm', win=Window(...), wrapWidth=1)
5.6854 	EXP 	Created Cross = ShapeStim(__class__=<class 'psychopy.visual.shape.ShapeStim'>, autoDraw=False, autoLog=True, closeShape=True, contrast=1.0, depth=0.0, fillColor='black', fillColorSpace='named', interpolate=True, lineColor='black', lineColorSpace='named', lineWidth=1, name='Cross', opacity=1.0, ori=array(0.), pos=array([0., 0.]), size=array([0.02, 0.03]), units='norm', vertices=ndarray(...), win=Window(...), windingRule=None)
5.6920 	EXP 	Created ConditionImages = ImageStim(__class__=<class 'psychopy.visual.image.ImageStim'>, autoLog=True, color=array([1., 1., 1.]), colorSpace='rgb', contrast=1.0, depth=-1.0, flipHoriz=False, flipVert=False, image='sin', interpolate=True, mask=None, maskParams=None, name='ConditionImages', opacity=1.0, ori=0.0, pos=array([0., 0.]), size=array([360., 450.]), texRes=128, units='pix', win=Window(...))
5.7207 	EXP 	Created textZap = TextStim(__class__=<class 'psychopy.visual.text.TextStim'>, alignHoriz='center', alignVert='center', antialias=True, autoLog=True, bold=False, color='red', colorSpace='named', contrast=1.0, depth=-3.0, flipHoriz=False, flipVert=False, font='Arial', fontFiles=[], height=0.3, italic=False, languageStyle='LTR', name='textZap', opacity=1.0, ori=0, pos=array([0., 0.]), rgb=array([255.,   0.,   0.]), text='ZAP!!', units='norm', win=Window(...), wrapWidth=1)
5.7538 	EXP 	Created EndText = TextStim(__class__=<class 'psychopy.visual.text.TextStim'>, alignHoriz='center', alignVert='center', antialias=True, autoLog=True, bold=False, color='white', colorSpace='named', contrast=1.0, depth=0.0, flipHoriz=False, flipVert=False, font='Arial', fontFiles=[], height=0.09, italic=False, languageStyle='LTR', name='EndText', opacity=1.0, ori=0, pos=array([0., 0.]), rgb=array([255., 255., 255.]), text=str(...), units='norm', win=Window(...), wrapWidth=1)
5.7687 	EXP 	WelcomeText: autoDraw = True
5.7687 	EXP 	WelcomeProceed: autoDraw = True
6.2808 	DATA 	Mouse: Left button down, pos=(977,699)
6.4125 	DATA 	Mouse:  Left button up, pos=(977,699)
7.6644 	DATA 	Keypress: space
7.6802 	EXP 	WelcomeText: autoDraw = False
7.6802 	EXP 	WelcomeProceed: autoDraw = False
7.6802 	EXP 	BlankText: autoDraw = True
8.1813 	EXP 	BlankText: autoDraw = False
8.1813 	EXP 	BlankText: autoDraw = False
8.1813 	EXP 	ICText1: autoDraw = True
8.1813 	EXP 	ICProceed1: autoDraw = True
9.4994 	DATA 	Keypress: space
9.5156 	EXP 	ICText1: autoDraw = False
9.5156 	EXP 	ICProceed1: autoDraw = False
9.5156 	EXP 	BlankText: autoDraw = True
10.0151 	EXP 	BlankText: autoDraw = False
10.0151 	EXP 	BlankText: autoDraw = False
10.0151 	EXP 	ICText2: autoDraw = True
10.0151 	EXP 	ICProceed2: autoDraw = True
11.8662 	DATA 	Keypress: space
14.0346 	DATA 	Keypress: return
14.0506 	EXP 	ICText2: autoDraw = False
14.0506 	EXP 	ICProceed2: autoDraw = False
14.0506 	EXP 	BlankText: autoDraw = True
14.5511 	EXP 	BlankText: autoDraw = False
14.5511 	EXP 	BlankText: autoDraw = False
14.5511 	EXP 	WaitingText: autoDraw = True
14.5511 	EXP 	P1: autoDraw = True
14.5511 	EXP 	P2: autoDraw = True
14.5511 	EXP 	User: autoDraw = True
14.5511 	EXP 	P4: autoDraw = True
14.5511 	EXP 	P1G: autoDraw = True
14.5511 	EXP 	P2R: autoDraw = True
14.5511 	EXP 	UserG: autoDraw = True
14.5511 	EXP 	P4R: autoDraw = True
17.0534 	EXP 	P4R: autoDraw = False
17.0534 	EXP 	P4G: autoDraw = True
18.5550 	EXP 	P2R: autoDraw = False
18.5550 	EXP 	P2G: autoDraw = True
20.5396 	EXP 	WaitingText: autoDraw = False
20.5396 	EXP 	P1: autoDraw = False
20.5396 	EXP 	P2: autoDraw = False
20.5396 	EXP 	User: autoDraw = False
20.5396 	EXP 	P4: autoDraw = False
20.5396 	EXP 	P1G: autoDraw = False
20.5396 	EXP 	P2G: autoDraw = False
20.5396 	EXP 	UserG: autoDraw = False
20.5396 	EXP 	P4G: autoDraw = False
20.5396 	EXP 	WaitingText: autoDraw = False
20.5396 	EXP 	P1: autoDraw = False
20.5396 	EXP 	P2: autoDraw = False
20.5396 	EXP 	User: autoDraw = False
20.5396 	EXP 	P4: autoDraw = False
20.5396 	EXP 	P1G: autoDraw = False
20.5396 	EXP 	P2R: autoDraw = False
20.5396 	EXP 	P2G: autoDraw = False
20.5396 	EXP 	UserG: autoDraw = False
20.5396 	EXP 	P4R: autoDraw = False
20.5396 	EXP 	P4G: autoDraw = False
20.5396 	EXP 	BlankText: autoDraw = True
21.0406 	EXP 	BlankText: autoDraw = False
21.0406 	EXP 	BlankText: autoDraw = False
21.0406 	EXP 	CSText: autoDraw = True
21.0406 	EXP 	CSProceed: autoDraw = True
24.2441 	DATA 	Keypress: space
24.2730 	EXP 	Imported ImageFiles.xlsx as conditions, 3 conditions, 3 params
24.2772 	EXP 	Created sequence: random, trialTypes=3, nReps=6, seed=None
24.2776 	EXP 	New trial (rep=0, index=0): OrderedDict([('ImageFile', 'images/Face3.jpg'), ('Shock', 2), ('ID', 3)])
24.2849 	EXP 	CSText: autoDraw = False
24.2849 	EXP 	CSProceed: autoDraw = False
24.2849 	EXP 	BlankText: autoDraw = True
24.7765 	EXP 	BlankText: autoDraw = False
24.7765 	EXP 	Cross: autoDraw = True
25.3286 	EXP 	Cross: autoDraw = False
25.3286 	EXP 	ConditionImages: image = 'images/Face3.jpg'
26.0428 	EXP 	ConditionImages: autoDraw = True
28.0279 	EXP 	ConditionImages: autoDraw = False
28.1614 	EXP 	textZap: autoDraw = True
29.1469 	EXP 	New trial (rep=0, index=1): OrderedDict([('ImageFile', 'images/Face1.jpg'), ('Shock', 0), ('ID', 1)])
29.1622 	EXP 	textZap: autoDraw = False
29.1622 	EXP 	ConditionImages: autoDraw = False
29.1622 	EXP 	textZap: autoDraw = False
29.1622 	EXP 	BlankText: autoDraw = True
29.6623 	EXP 	BlankText: autoDraw = False
29.6623 	EXP 	BlankText: autoDraw = False
29.6623 	EXP 	Cross: autoDraw = True
30.2076 	EXP 	Cross: autoDraw = False
30.2076 	EXP 	ConditionImages: image = 'images/Face1.jpg'
30.9130 	EXP 	ConditionImages: autoDraw = True
32.9148 	EXP 	ConditionImages: autoDraw = False
33.3146 	EXP 	textZap: autoDraw = True
34.2830 	EXP 	New trial (rep=0, index=2): OrderedDict([('ImageFile', 'images/Face2.jpg'), ('Shock', 1), ('ID', 2)])
34.2987 	EXP 	textZap: autoDraw = False
34.2987 	EXP 	ConditionImages: autoDraw = False
34.2987 	EXP 	textZap: autoDraw = False
34.2987 	EXP 	BlankText: autoDraw = True
34.7993 	EXP 	BlankText: autoDraw = False
34.7993 	EXP 	Cross: autoDraw = True
35.3407 	EXP 	Cross: autoDraw = False
35.3407 	EXP 	ConditionImages: image = 'images/Face2.jpg'
36.0504 	EXP 	ConditionImages: autoDraw = True
37.4174 	EXP 	textZap: autoDraw = True
38.0515 	EXP 	ConditionImages: autoDraw = False
38.4024 	EXP 	New trial (rep=1, index=0): OrderedDict([('ImageFile', 'images/Face1.jpg'), ('Shock', 0), ('ID', 1)])
38.4182 	EXP 	textZap: autoDraw = False
38.4182 	EXP 	ConditionImages: autoDraw = False
38.4182 	EXP 	textZap: autoDraw = False
38.4182 	EXP 	BlankText: autoDraw = True
38.9186 	EXP 	BlankText: autoDraw = False
38.9186 	EXP 	Cross: autoDraw = True
39.4476 	EXP 	Cross: autoDraw = False
39.4476 	EXP 	ConditionImages: image = 'images/Face1.jpg'
40.1699 	EXP 	ConditionImages: autoDraw = True
41.9717 	EXP 	textZap: autoDraw = True
42.1720 	EXP 	ConditionImages: autoDraw = False
42.9401 	EXP 	New trial (rep=1, index=1): OrderedDict([('ImageFile', 'images/Face2.jpg'), ('Shock', 1), ('ID', 2)])
42.9558 	EXP 	textZap: autoDraw = False
42.9558 	EXP 	ConditionImages: autoDraw = False
42.9558 	EXP 	textZap: autoDraw = False
42.9558 	EXP 	BlankText: autoDraw = True
43.4567 	EXP 	BlankText: autoDraw = False
43.4567 	EXP 	Cross: autoDraw = True
43.9818 	EXP 	Cross: autoDraw = False
43.9818 	EXP 	ConditionImages: image = 'images/Face2.jpg'
44.7072 	EXP 	ConditionImages: autoDraw = True
46.7089 	EXP 	ConditionImages: autoDraw = False
47.3428 	EXP 	textZap: autoDraw = True
48.3105 	EXP 	New trial (rep=1, index=2): OrderedDict([('ImageFile', 'images/Face3.jpg'), ('Shock', 2), ('ID', 3)])
48.3264 	EXP 	textZap: autoDraw = False
48.3264 	EXP 	ConditionImages: autoDraw = False
48.3264 	EXP 	textZap: autoDraw = False
48.3264 	EXP 	BlankText: autoDraw = True
48.8271 	EXP 	BlankText: autoDraw = False
48.8271 	EXP 	Cross: autoDraw = True
49.3572 	EXP 	Cross: autoDraw = False
49.3572 	EXP 	ConditionImages: image = 'images/Face3.jpg'
50.0781 	EXP 	ConditionImages: autoDraw = True
52.0795 	EXP 	ConditionImages: autoDraw = False
52.3462 	EXP 	textZap: autoDraw = True
53.3148 	EXP 	New trial (rep=2, index=0): OrderedDict([('ImageFile', 'images/Face2.jpg'), ('Shock', 1), ('ID', 2)])
53.3304 	EXP 	textZap: autoDraw = False
53.3304 	EXP 	ConditionImages: autoDraw = False
53.3304 	EXP 	textZap: autoDraw = False
53.3304 	EXP 	BlankText: autoDraw = True
53.8307 	EXP 	BlankText: autoDraw = False
53.8307 	EXP 	Cross: autoDraw = True
54.3517 	EXP 	Cross: autoDraw = False
54.3517 	EXP 	ConditionImages: image = 'images/Face2.jpg'
55.0816 	EXP 	ConditionImages: autoDraw = True
56.7484 	EXP 	textZap: autoDraw = True
57.0819 	EXP 	ConditionImages: autoDraw = False
57.7176 	EXP 	New trial (rep=2, index=1): OrderedDict([('ImageFile', 'images/Face1.jpg'), ('Shock', 0), ('ID', 1)])
57.7327 	EXP 	textZap: autoDraw = False
57.7327 	EXP 	ConditionImages: autoDraw = False
57.7327 	EXP 	textZap: autoDraw = False
57.7327 	EXP 	BlankText: autoDraw = True
58.0179 	DATA 	Mouse: Left button down, pos=(1055,687)
58.1829 	DATA 	Mouse:  Left button up, pos=(1055,687)
58.2325 	EXP 	BlankText: autoDraw = False
58.2325 	EXP 	BlankText: autoDraw = False
58.2325 	EXP 	Cross: autoDraw = True
58.7568 	EXP 	Cross: autoDraw = False
58.7568 	EXP 	Cross: autoDraw = False
58.7568 	EXP 	ConditionImages: image = 'images/Face1.jpg'
59.4838 	EXP 	ConditionImages: autoDraw = True
60.2179 	EXP 	textZap: autoDraw = True
61.2011 	EXP 	textZap: autoDraw = False
61.4692 	EXP 	New trial (rep=2, index=2): OrderedDict([('ImageFile', 'images/Face3.jpg'), ('Shock', 2), ('ID', 3)])
61.4850 	EXP 	ConditionImages: autoDraw = False
61.4850 	EXP 	ConditionImages: autoDraw = False
61.4850 	EXP 	textZap: autoDraw = False
61.4850 	EXP 	BlankText: autoDraw = True
61.7866 	DATA 	Keypress: escape
61.8578 	EXP 	window1: mouseVisible = True
