0.4923 	WARNING 	sounddevice audio lib was requested but not loaded: sounddevice not working
3.6457 	WARNING 	User requested fullscreen with size [1024  768], but screen is actually [1920, 1200]. Using actual size
5.0144 	EXP 	Created window1 = Window(allowGUI=False, allowStencil=False, args=UNKNOWN, autoLog=True, bitsMode=UNKNOWN, blendMode='avg', color=array([0., 0., 0.]), colorSpace='rgb', fullscr=<method-wrapper '__getattribute__' of attributeSetter object at 0x0F18F690>, gamma=None, kwargs=UNKNOWN, lms=UNKNOWN, monitor=<psychopy.monitors.calibTools.Monitor object at 0x102BE050>, multiSample=False, name='window1', numSamples=2, pos=[0.0, 0.0], screen=0, size=array([1920, 1200]), stereo=False, units='norm', useFBO=True, useRetina=False, viewOri=0.0, viewPos=None, viewScale=None, waitBlanking=True, winType='pyglet')
5.0145 	EXP 	window1: recordFrameIntervals = False
5.1767 	EXP 	window1: recordFrameIntervals = True
5.3607 	EXP 	window1: recordFrameIntervals = False
5.7006 	EXP 	Created WelcomeText = TextStim(__class__=<class 'psychopy.visual.text.TextStim'>, alignHoriz='center', alignVert='center', antialias=True, autoLog=True, bold=False, color='white', colorSpace='named', contrast=1.0, depth=0.0, flipHoriz=False, flipVert=False, font='Arial', fontFiles=[], height=0.1, italic=False, languageStyle='LTR', name='WelcomeText', opacity=1.0, ori=0, pos=array([0., 0.]), rgb=array([255., 255., 255.]), text='Part 2: Start of Pairing experiment', units='norm', win=Window(...), wrapWidth=1)
5.7114 	EXP 	Created WelcomeProceed = TextStim(__class__=<class 'psychopy.visual.text.TextStim'>, alignHoriz='center', alignVert='center', antialias=True, autoLog=True, bold=False, color='white', colorSpace='named', contrast=1.0, depth=-2.0, flipHoriz=False, flipVert=False, font='Arial', fontFiles=[], height=0.1, italic=False, languageStyle='LTR', name='WelcomeProceed', opacity=1.0, ori=0, pos=array([ 0. , -0.7]), rgb=array([255., 255., 255.]), text="Press 'Spacebar' to continue", units='norm', win=Window(...), wrapWidth=1)
5.7119 	EXP 	Created BlankText = TextStim(__class__=<class 'psychopy.visual.text.TextStim'>, alignHoriz='center', alignVert='center', antialias=True, autoLog=True, bold=False, color='white', colorSpace='named', contrast=1.0, depth=0.0, flipHoriz=False, flipVert=False, font='Arial', fontFiles=[], height=0.1, italic=False, languageStyle='LTR', name='BlankText', opacity=1.0, ori=0, pos=array([0., 0.]), rgb=array([255., 255., 255.]), text='', units='norm', win=Window(...), wrapWidth=1)
5.7378 	EXP 	Created ICText1 = TextStim(__class__=<class 'psychopy.visual.text.TextStim'>, alignHoriz='center', alignVert='center', antialias=True, autoLog=True, bold=False, color='white', colorSpace='named', contrast=1.0, depth=0.0, flipHoriz=False, flipVert=False, font='Arial', fontFiles=[], height=0.1, italic=False, languageStyle='LTR', name='ICText1', opacity=1.0, ori=0, pos=array([0., 0.]), rgb=array([255., 255., 255.]), text=str(...), units='norm', win=Window(...), wrapWidth=1)
5.7431 	EXP 	Created ICProceed1 = TextStim(__class__=<class 'psychopy.visual.text.TextStim'>, alignHoriz='center', alignVert='center', antialias=True, autoLog=True, bold=False, color='white', colorSpace='named', contrast=1.0, depth=-2.0, flipHoriz=False, flipVert=False, font='Arial', fontFiles=[], height=0.1, italic=False, languageStyle='LTR', name='ICProceed1', opacity=1.0, ori=0, pos=array([ 0. , -0.7]), rgb=array([255., 255., 255.]), text="Press 'Spacebar' to continue", units='norm', win=Window(...), wrapWidth=1)
5.7436 	EXP 	Created BlankText = TextStim(__class__=<class 'psychopy.visual.text.TextStim'>, alignHoriz='center', alignVert='center', antialias=True, autoLog=True, bold=False, color='white', colorSpace='named', contrast=1.0, depth=0.0, flipHoriz=False, flipVert=False, font='Arial', fontFiles=[], height=0.1, italic=False, languageStyle='LTR', name='BlankText', opacity=1.0, ori=0, pos=array([0., 0.]), rgb=array([255., 255., 255.]), text='', units='norm', win=Window(...), wrapWidth=1)
5.8144 	EXP 	Created ICText2 = TextStim(__class__=<class 'psychopy.visual.text.TextStim'>, alignHoriz='center', alignVert='center', antialias=True, autoLog=True, bold=False, color='white', colorSpace='named', contrast=1.0, depth=0.0, flipHoriz=False, flipVert=False, font='Arial', fontFiles=[], height=0.1, italic=False, languageStyle='LTR', name='ICText2', opacity=1.0, ori=0, pos=array([0., 0.]), rgb=array([255., 255., 255.]), text=str(...), units='norm', win=Window(...), wrapWidth=1)
5.8250 	EXP 	Created ICProceed2 = TextStim(__class__=<class 'psychopy.visual.text.TextStim'>, alignHoriz='center', alignVert='center', antialias=True, autoLog=True, bold=False, color='white', colorSpace='named', contrast=1.0, depth=-2.0, flipHoriz=False, flipVert=False, font='Arial', fontFiles=[], height=0.1, italic=False, languageStyle='LTR', name='ICProceed2', opacity=1.0, ori=0, pos=array([ 0. , -0.7]), rgb=array([255., 255., 255.]), text="Press 'Enter' when ready", units='norm', win=Window(...), wrapWidth=1)
5.8255 	EXP 	Created BlankText = TextStim(__class__=<class 'psychopy.visual.text.TextStim'>, alignHoriz='center', alignVert='center', antialias=True, autoLog=True, bold=False, color='white', colorSpace='named', contrast=1.0, depth=0.0, flipHoriz=False, flipVert=False, font='Arial', fontFiles=[], height=0.1, italic=False, languageStyle='LTR', name='BlankText', opacity=1.0, ori=0, pos=array([0., 0.]), rgb=array([255., 255., 255.]), text='', units='norm', win=Window(...), wrapWidth=1)
5.8484 	EXP 	Created WaitingText = TextStim(__class__=<class 'psychopy.visual.text.TextStim'>, alignHoriz='center', alignVert='center', antialias=True, autoLog=True, bold=False, color='white', colorSpace='named', contrast=1.0, depth=0.0, flipHoriz=False, flipVert=False, font='Arial', fontFiles=[], height=0.12, italic=False, languageStyle='LTR', name='WaitingText', opacity=1.0, ori=0, pos=array([0. , 0.3]), rgb=array([255., 255., 255.]), text='Waiting for the randomised assignment ', units='norm', win=Window(...), wrapWidth=1)
5.8559 	EXP 	Created P1 = TextStim(__class__=<class 'psychopy.visual.text.TextStim'>, alignHoriz='center', alignVert='center', antialias=True, autoLog=True, bold=False, color='white', colorSpace='named', contrast=1.0, depth=-1.0, flipHoriz=False, flipVert=False, font='Arial', fontFiles=[], height=0.08, italic=False, languageStyle='LTR', name='P1', opacity=1.0, ori=0, pos=array([-0.6,  0.1]), rgb=array([255., 255., 255.]), text='P1', units='norm', win=Window(...), wrapWidth=1)
5.8588 	EXP 	Created P2 = TextStim(__class__=<class 'psychopy.visual.text.TextStim'>, alignHoriz='center', alignVert='center', antialias=True, autoLog=True, bold=False, color='white', colorSpace='named', contrast=1.0, depth=-2.0, flipHoriz=False, flipVert=False, font='Arial', fontFiles=[], height=0.08, italic=False, languageStyle='LTR', name='P2', opacity=1.0, ori=0, pos=array([-0.2,  0.1]), rgb=array([255., 255., 255.]), text='P2', units='norm', win=Window(...), wrapWidth=1)
5.8677 	EXP 	Created User = TextStim(__class__=<class 'psychopy.visual.text.TextStim'>, alignHoriz='center', alignVert='center', antialias=True, autoLog=True, bold=False, color='white', colorSpace='named', contrast=1.0, depth=-3.0, flipHoriz=False, flipVert=False, font='Arial', fontFiles=[], height=0.08, italic=False, languageStyle='LTR', name='User', opacity=1.0, ori=0, pos=array([0.2, 0.1]), rgb=array([255., 255., 255.]), text='P3 (YOU)', units='norm', win=Window(...), wrapWidth=1)
5.8713 	EXP 	Created P4 = TextStim(__class__=<class 'psychopy.visual.text.TextStim'>, alignHoriz='center', alignVert='center', antialias=True, autoLog=True, bold=False, color='white', colorSpace='named', contrast=1.0, depth=-4.0, flipHoriz=False, flipVert=False, font='Arial', fontFiles=[], height=0.08, italic=False, languageStyle='LTR', name='P4', opacity=1.0, ori=0, pos=array([0.6, 0.1]), rgb=array([255., 255., 255.]), text='P4', units='norm', win=Window(...), wrapWidth=1)
5.8747 	EXP 	Created P1G = Polygon(__class__=<class 'psychopy.visual.polygon.Polygon'>, autoDraw=False, autoLog=True, closeShape=True, color=method-wrapper(...), colorSpace=None, contrast=1.0, depth=-5.0, fillColor='green', fillColorSpace='named', fillRGB=array([  0., 128.,   0.]), interpolate=True, lineColor='black', lineColorSpace='named', lineRGB=array([0., 0., 0.]), lineWidth=1, name='P1G', opacity=1.0, ori=array(0.), pos=array([-0.6, -0.1]), size=array([0.09, 0.14]), units='norm', vertices=ndarray(...), win=Window(...))
5.8758 	EXP 	Created P2R = Polygon(__class__=<class 'psychopy.visual.polygon.Polygon'>, autoDraw=False, autoLog=True, closeShape=True, color=method-wrapper(...), colorSpace=None, contrast=1.0, depth=-6.0, fillColor='red', fillColorSpace='named', fillRGB=array([255.,   0.,   0.]), interpolate=True, lineColor='black', lineColorSpace='named', lineRGB=array([0., 0., 0.]), lineWidth=1, name='P2R', opacity=1.0, ori=array(0.), pos=array([-0.2, -0.1]), size=array([0.09, 0.14]), units='norm', vertices=ndarray(...), win=Window(...))
5.8769 	EXP 	Created P2G = Polygon(__class__=<class 'psychopy.visual.polygon.Polygon'>, autoDraw=False, autoLog=True, closeShape=True, color=method-wrapper(...), colorSpace=None, contrast=1.0, depth=-7.0, fillColor='green', fillColorSpace='named', fillRGB=array([  0., 128.,   0.]), interpolate=True, lineColor='black', lineColorSpace='named', lineRGB=array([0., 0., 0.]), lineWidth=1, name='P2G', opacity=1.0, ori=array(0.), pos=array([-0.2, -0.1]), size=array([0.09, 0.14]), units='norm', vertices=ndarray(...), win=Window(...))
5.8780 	EXP 	Created UserG = Polygon(__class__=<class 'psychopy.visual.polygon.Polygon'>, autoDraw=False, autoLog=True, closeShape=True, color=method-wrapper(...), colorSpace=None, contrast=1.0, depth=-8.0, fillColor='green', fillColorSpace='named', fillRGB=array([  0., 128.,   0.]), interpolate=True, lineColor='black', lineColorSpace='named', lineRGB=array([0., 0., 0.]), lineWidth=1, name='UserG', opacity=1.0, ori=array(0.), pos=array([ 0.2, -0.1]), size=array([0.09, 0.14]), units='norm', vertices=ndarray(...), win=Window(...))
5.8792 	EXP 	Created P4R = Polygon(__class__=<class 'psychopy.visual.polygon.Polygon'>, autoDraw=False, autoLog=True, closeShape=True, color=method-wrapper(...), colorSpace=None, contrast=1.0, depth=-9.0, fillColor='red', fillColorSpace='named', fillRGB=array([255.,   0.,   0.]), interpolate=True, lineColor='black', lineColorSpace='named', lineRGB=array([0., 0., 0.]), lineWidth=1, name='P4R', opacity=1.0, ori=array(0.), pos=array([ 0.6, -0.1]), size=array([0.09, 0.14]), units='norm', vertices=ndarray(...), win=Window(...))
5.8803 	EXP 	Created P4G = Polygon(__class__=<class 'psychopy.visual.polygon.Polygon'>, autoDraw=False, autoLog=True, closeShape=True, color=method-wrapper(...), colorSpace=None, contrast=1.0, depth=-10.0, fillColor='green', fillColorSpace='named', fillRGB=array([  0., 128.,   0.]), interpolate=True, lineColor='black', lineColorSpace='named', lineRGB=array([0., 0., 0.]), lineWidth=1, name='P4G', opacity=1.0, ori=array(0.), pos=array([ 0.6, -0.1]), size=array([0.09, 0.14]), units='norm', vertices=ndarray(...), win=Window(...))
5.8808 	EXP 	Created BlankText = TextStim(__class__=<class 'psychopy.visual.text.TextStim'>, alignHoriz='center', alignVert='center', antialias=True, autoLog=True, bold=False, color='white', colorSpace='named', contrast=1.0, depth=0.0, flipHoriz=False, flipVert=False, font='Arial', fontFiles=[], height=0.1, italic=False, languageStyle='LTR', name='BlankText', opacity=1.0, ori=0, pos=array([0., 0.]), rgb=array([255., 255., 255.]), text='', units='norm', win=Window(...), wrapWidth=1)
5.9555 	EXP 	Created CSText = TextStim(__class__=<class 'psychopy.visual.text.TextStim'>, alignHoriz='center', alignVert='center', antialias=True, autoLog=True, bold=False, color='white', colorSpace='named', contrast=1.0, depth=0.0, flipHoriz=False, flipVert=False, font='Arial', fontFiles=[], height=0.15, italic=False, languageStyle='LTR', name='CSText', opacity=1.0, ori=0, pos=array([0., 0.]), rgb=array([255., 255., 255.]), text=str(...), units='norm', win=Window(...), wrapWidth=1)
5.9661 	EXP 	Created CSProceed = TextStim(__class__=<class 'psychopy.visual.text.TextStim'>, alignHoriz='center', alignVert='center', antialias=True, autoLog=True, bold=False, color='white', colorSpace='named', contrast=1.0, depth=-2.0, flipHoriz=False, flipVert=False, font='Arial', fontFiles=[], height=0.1, italic=False, languageStyle='LTR', name='CSProceed', opacity=1.0, ori=0, pos=array([ 0. , -0.7]), rgb=array([255., 255., 255.]), text=str(...), units='norm', win=Window(...), wrapWidth=1)
5.9666 	EXP 	Created BlankText = TextStim(__class__=<class 'psychopy.visual.text.TextStim'>, alignHoriz='center', alignVert='center', antialias=True, autoLog=True, bold=False, color='white', colorSpace='named', contrast=1.0, depth=0.0, flipHoriz=False, flipVert=False, font='Arial', fontFiles=[], height=0.1, italic=False, languageStyle='LTR', name='BlankText', opacity=1.0, ori=0, pos=array([0., 0.]), rgb=array([255., 255., 255.]), text='', units='norm', win=Window(...), wrapWidth=1)
5.9692 	EXP 	Created Cross = ShapeStim(__class__=<class 'psychopy.visual.shape.ShapeStim'>, autoDraw=False, autoLog=True, closeShape=True, contrast=1.0, depth=0.0, fillColor='black', fillColorSpace='named', interpolate=True, lineColor='black', lineColorSpace='named', lineWidth=1, name='Cross', opacity=1.0, ori=array(0.), pos=array([0., 0.]), size=array([0.02, 0.03]), units='norm', vertices=ndarray(...), win=Window(...), windingRule=None)
5.9954 	EXP 	Created ConditionImages = ImageStim(__class__=<class 'psychopy.visual.image.ImageStim'>, autoLog=True, color=array([1., 1., 1.]), colorSpace='rgb', contrast=1.0, depth=-1.0, flipHoriz=False, flipVert=False, image='sin', interpolate=True, mask=None, maskParams=None, name='ConditionImages', opacity=1.0, ori=0.0, pos=array([0., 0.]), size=array([360., 450.]), texRes=128, units='pix', win=Window(...))
6.0515 	EXP 	Created textZap = TextStim(__class__=<class 'psychopy.visual.text.TextStim'>, alignHoriz='center', alignVert='center', antialias=True, autoLog=True, bold=False, color='red', colorSpace='named', contrast=1.0, depth=-3.0, flipHoriz=False, flipVert=False, font='Arial', fontFiles=[], height=0.3, italic=False, languageStyle='LTR', name='textZap', opacity=1.0, ori=0, pos=array([0., 0.]), rgb=array([255.,   0.,   0.]), text='Shock trigger!', units='norm', win=Window(...), wrapWidth=1)
6.0858 	EXP 	Created EndText = TextStim(__class__=<class 'psychopy.visual.text.TextStim'>, alignHoriz='center', alignVert='center', antialias=True, autoLog=True, bold=False, color='white', colorSpace='named', contrast=1.0, depth=0.0, flipHoriz=False, flipVert=False, font='Arial', fontFiles=[], height=0.09, italic=False, languageStyle='LTR', name='EndText', opacity=1.0, ori=0, pos=array([0., 0.]), rgb=array([255., 255., 255.]), text=str(...), units='norm', win=Window(...), wrapWidth=1)
6.0959 	EXP 	WelcomeText: autoDraw = True
6.0959 	EXP 	WelcomeProceed: autoDraw = True
7.5646 	DATA 	Keypress: return
9.1297 	DATA 	Keypress: space
9.1458 	EXP 	WelcomeText: autoDraw = False
9.1458 	EXP 	WelcomeProceed: autoDraw = False
9.1458 	EXP 	BlankText: autoDraw = True
9.6465 	EXP 	BlankText: autoDraw = False
9.6465 	EXP 	ICText1: autoDraw = True
9.6465 	EXP 	ICProceed1: autoDraw = True
10.6816 	DATA 	Keypress: space
10.6977 	EXP 	ICText1: autoDraw = False
10.6977 	EXP 	ICProceed1: autoDraw = False
10.6977 	EXP 	BlankText: autoDraw = True
11.1981 	EXP 	BlankText: autoDraw = False
11.1981 	EXP 	BlankText: autoDraw = False
11.1981 	EXP 	ICText2: autoDraw = True
11.1981 	EXP 	ICProceed2: autoDraw = True
13.2663 	DATA 	Keypress: space
16.4184 	DATA 	Keypress: return
16.4347 	EXP 	ICText2: autoDraw = False
16.4347 	EXP 	ICProceed2: autoDraw = False
16.4347 	EXP 	BlankText: autoDraw = True
16.9355 	EXP 	BlankText: autoDraw = False
16.9355 	EXP 	WaitingText: autoDraw = True
16.9355 	EXP 	P1: autoDraw = True
16.9355 	EXP 	P2: autoDraw = True
16.9355 	EXP 	User: autoDraw = True
16.9355 	EXP 	P4: autoDraw = True
16.9355 	EXP 	P1G: autoDraw = True
16.9355 	EXP 	P2R: autoDraw = True
16.9355 	EXP 	UserG: autoDraw = True
16.9355 	EXP 	P4R: autoDraw = True
19.4370 	EXP 	P4R: autoDraw = False
19.4370 	EXP 	P4G: autoDraw = True
20.9381 	EXP 	P2R: autoDraw = False
20.9381 	EXP 	P2G: autoDraw = True
22.9395 	EXP 	WaitingText: autoDraw = False
22.9395 	EXP 	P1: autoDraw = False
22.9395 	EXP 	P2: autoDraw = False
22.9395 	EXP 	User: autoDraw = False
22.9395 	EXP 	P4: autoDraw = False
22.9395 	EXP 	P1G: autoDraw = False
22.9395 	EXP 	P2R: autoDraw = False
22.9395 	EXP 	P2G: autoDraw = False
22.9395 	EXP 	UserG: autoDraw = False
22.9395 	EXP 	P4R: autoDraw = False
22.9395 	EXP 	P4G: autoDraw = False
22.9395 	EXP 	BlankText: autoDraw = True
23.4406 	EXP 	BlankText: autoDraw = False
23.4406 	EXP 	CSText: autoDraw = True
23.4406 	EXP 	CSProceed: autoDraw = True
33.2805 	DATA 	Keypress: space
33.2966 	EXP 	Imported ImageFiles.xlsx as conditions, 3 conditions, 3 params
33.3012 	EXP 	Created sequence: random, trialTypes=3, nReps=6, seed=None
33.3015 	EXP 	New trial (rep=0, index=0): OrderedDict([('ImageFile', 'images/Face1.jpg'), ('Shock', 0), ('ID', 1)])
33.3089 	EXP 	CSText: autoDraw = False
33.3089 	EXP 	CSProceed: autoDraw = False
33.3089 	EXP 	BlankText: autoDraw = True
33.7979 	EXP 	BlankText: autoDraw = False
33.7979 	EXP 	Cross: autoDraw = True
34.3349 	EXP 	Cross: autoDraw = False
34.3349 	EXP 	ConditionImages: image = 'images/Face1.jpg'
35.0497 	EXP 	ConditionImages: autoDraw = True
37.0498 	EXP 	ConditionImages: autoDraw = False
39.1012 	EXP 	textZap: autoDraw = True
40.0861 	EXP 	New trial (rep=0, index=1): OrderedDict([('ImageFile', 'images/Face2.jpg'), ('Shock', 1), ('ID', 2)])
40.1022 	EXP 	textZap: autoDraw = False
40.1022 	EXP 	ConditionImages: autoDraw = False
40.1022 	EXP 	textZap: autoDraw = False
40.1022 	EXP 	BlankText: autoDraw = True
40.6027 	EXP 	BlankText: autoDraw = False
40.6027 	EXP 	Cross: autoDraw = True
41.1471 	EXP 	Cross: autoDraw = False
41.1471 	EXP 	ConditionImages: image = 'images/Face2.jpg'
41.8540 	EXP 	ConditionImages: autoDraw = True
43.8548 	EXP 	ConditionImages: autoDraw = False
45.4896 	EXP 	textZap: autoDraw = True
46.4569 	EXP 	New trial (rep=0, index=2): OrderedDict([('ImageFile', 'images/Face3.jpg'), ('Shock', 2), ('ID', 3)])
46.4733 	EXP 	textZap: autoDraw = False
46.4733 	EXP 	ConditionImages: autoDraw = False
46.4733 	EXP 	textZap: autoDraw = False
46.4733 	EXP 	BlankText: autoDraw = True
46.9738 	EXP 	BlankText: autoDraw = False
46.9738 	EXP 	Cross: autoDraw = True
47.5190 	EXP 	Cross: autoDraw = False
47.5190 	EXP 	ConditionImages: image = 'images/Face3.jpg'
48.2408 	EXP 	ConditionImages: autoDraw = True
49.7757 	EXP 	textZap: autoDraw = True
50.2261 	EXP 	ConditionImages: autoDraw = False
50.7436 	EXP 	New trial (rep=1, index=0): OrderedDict([('ImageFile', 'images/Face2.jpg'), ('Shock', 1), ('ID', 2)])
50.7591 	EXP 	textZap: autoDraw = False
50.7591 	EXP 	ConditionImages: autoDraw = False
50.7591 	EXP 	textZap: autoDraw = False
50.7591 	EXP 	BlankText: autoDraw = True
51.2603 	EXP 	BlankText: autoDraw = False
51.2603 	EXP 	Cross: autoDraw = True
51.7929 	EXP 	Cross: autoDraw = False
51.7929 	EXP 	ConditionImages: image = 'images/Face2.jpg'
52.5273 	EXP 	ConditionImages: autoDraw = True
54.5123 	EXP 	ConditionImages: autoDraw = False
54.8796 	EXP 	textZap: autoDraw = True
55.8481 	EXP 	New trial (rep=1, index=1): OrderedDict([('ImageFile', 'images/Face1.jpg'), ('Shock', 0), ('ID', 1)])
55.8635 	EXP 	textZap: autoDraw = False
55.8635 	EXP 	ConditionImages: autoDraw = False
55.8635 	EXP 	textZap: autoDraw = False
55.8635 	EXP 	BlankText: autoDraw = True
56.3640 	EXP 	BlankText: autoDraw = False
56.3640 	EXP 	Cross: autoDraw = True
56.8925 	EXP 	Cross: autoDraw = False
56.8925 	EXP 	ConditionImages: image = 'images/Face1.jpg'
57.6150 	EXP 	ConditionImages: autoDraw = True
59.6165 	EXP 	ConditionImages: autoDraw = False
60.9507 	EXP 	textZap: autoDraw = True
61.9171 	EXP 	New trial (rep=1, index=2): OrderedDict([('ImageFile', 'images/Face3.jpg'), ('Shock', 2), ('ID', 3)])
61.9332 	EXP 	textZap: autoDraw = False
61.9332 	EXP 	ConditionImages: autoDraw = False
61.9332 	EXP 	textZap: autoDraw = False
61.9332 	EXP 	BlankText: autoDraw = True
62.1509 	DATA 	Keypress: escape
62.2075 	EXP 	window1: mouseVisible = True
